Using pre-set license
Built from '2022.3/staging' branch; Version is '2022.3.33f1 (b2c853adf198) revision 11716691'; Using compiler version '192829333'; Build Type 'Release'
OS: 'Windows 11  (10.0.26100) 64bit Professional' Language: 'cs' Physical Memory: 7530 MB
BatchMode: 1, IsHumanControllingUs: 0, StartBugReporterOnCrash: 0, Is64bit: 1, IsPro: 1

COMMAND LINE ARGUMENTS:
C:\Program Files\Unity\Hub\Editor\2022.3.33f1\Editor\Unity.exe
-adb2
-batchMode
-noUpm
-name
AssetImportWorker4
-projectPath
C:/Users/petrd/Documents/GitHub/PolyMage
-logFile
Logs/AssetImportWorker4.log
-srvPort
51256
Successfully changed project path to: C:/Users/petrd/Documents/GitHub/PolyMage
C:/Users/petrd/Documents/GitHub/PolyMage
[UnityMemory] Configuration Parameters - Can be set up in boot.config
    "memorysetup-bucket-allocator-granularity=16"
    "memorysetup-bucket-allocator-bucket-count=8"
    "memorysetup-bucket-allocator-block-size=33554432"
    "memorysetup-bucket-allocator-block-count=8"
    "memorysetup-main-allocator-block-size=16777216"
    "memorysetup-thread-allocator-block-size=16777216"
    "memorysetup-gfx-main-allocator-block-size=16777216"
    "memorysetup-gfx-thread-allocator-block-size=16777216"
    "memorysetup-cache-allocator-block-size=4194304"
    "memorysetup-typetree-allocator-block-size=2097152"
    "memorysetup-profiler-bucket-allocator-granularity=16"
    "memorysetup-profiler-bucket-allocator-bucket-count=8"
    "memorysetup-profiler-bucket-allocator-block-size=33554432"
    "memorysetup-profiler-bucket-allocator-block-count=8"
    "memorysetup-profiler-allocator-block-size=16777216"
    "memorysetup-profiler-editor-allocator-block-size=1048576"
    "memorysetup-temp-allocator-size-main=16777216"
    "memorysetup-job-temp-allocator-block-size=2097152"
    "memorysetup-job-temp-allocator-block-size-background=1048576"
    "memorysetup-job-temp-allocator-reduction-small-platforms=262144"
    "memorysetup-allocator-temp-initial-block-size-main=262144"
    "memorysetup-allocator-temp-initial-block-size-worker=262144"
    "memorysetup-temp-allocator-size-background-worker=32768"
    "memorysetup-temp-allocator-size-job-worker=262144"
    "memorysetup-temp-allocator-size-preload-manager=33554432"
    "memorysetup-temp-allocator-size-nav-mesh-worker=65536"
    "memorysetup-temp-allocator-size-audio-worker=65536"
    "memorysetup-temp-allocator-size-cloud-worker=32768"
    "memorysetup-temp-allocator-size-gi-baking-worker=262144"
    "memorysetup-temp-allocator-size-gfx=262144"
Player connection [16444] Host "[IP] 192.168.1.104 [Port] 0 [Flags] 2 [Guid] 2189763616 [EditorId] 2189763616 [Version] 1048832 [Id] WindowsEditor(7,Duny-Lenovo) [Debug] 1 [PackageName] WindowsEditor [ProjectName] Editor" joined multi-casting on [225.0.0.222:54997]...

Player connection [16444] Host "[IP] 192.168.1.104 [Port] 0 [Flags] 2 [Guid] 2189763616 [EditorId] 2189763616 [Version] 1048832 [Id] WindowsEditor(7,Duny-Lenovo) [Debug] 1 [PackageName] WindowsEditor [ProjectName] Editor" joined alternative multi-casting on [225.0.0.222:34997]...

[PhysX] Initialized MultithreadedTaskDispatcher with 12 workers.
Refreshing native plugins compatible for Editor in 62.04 ms, found 3 plugins.
Preloading 0 native plugins for Editor in 0.00 ms.
Initialize engine version: 2022.3.33f1 (b2c853adf198)
[Subsystems] Discovering subsystems at path C:/Program Files/Unity/Hub/Editor/2022.3.33f1/Editor/Data/Resources/UnitySubsystems
[Subsystems] Discovering subsystems at path C:/Users/petrd/Documents/GitHub/PolyMage/Assets
GfxDevice: creating device client; threaded=0; jobified=0
Direct3D:
    Version:  Direct3D 11.0 [level 11.1]
    Renderer: AMD Radeon(TM) Graphics (ID=0x164c)
    Vendor:   ATI
    VRAM:     3765 MB
    Driver:   31.0.21912.14
Initialize mono
Mono path[0] = 'C:/Program Files/Unity/Hub/Editor/2022.3.33f1/Editor/Data/Managed'
Mono path[1] = 'C:/Program Files/Unity/Hub/Editor/2022.3.33f1/Editor/Data/MonoBleedingEdge/lib/mono/unityjit-win32'
Mono config path = 'C:/Program Files/Unity/Hub/Editor/2022.3.33f1/Editor/Data/MonoBleedingEdge/etc'
Using monoOptions --debugger-agent=transport=dt_socket,embedding=1,server=y,suspend=n,address=127.0.0.1:56364
Begin MonoManager ReloadAssembly
Registering precompiled unity dll's ...
Register platform support module: C:/Program Files/Unity/Hub/Editor/2022.3.33f1/Editor/Data/PlaybackEngines/WindowsStandaloneSupport/UnityEditor.WindowsStandalone.Extensions.dll
Registered in 0.014893 seconds.
- Loaded All Assemblies, in  0.544 seconds
Native extension for WindowsStandalone target not found
Mono: successfully reloaded assembly
- Finished resetting the current domain, in  0.323 seconds
Domain Reload Profiling: 863ms
	BeginReloadAssembly (210ms)
		ExecutionOrderSort (0ms)
		DisableScriptedObjects (0ms)
		BackupInstance (0ms)
		ReleaseScriptingObjects (0ms)
		CreateAndSetChildDomain (1ms)
	RebuildCommonClasses (42ms)
	RebuildNativeTypeToScriptingClass (12ms)
	initialDomainReloadingComplete (83ms)
	LoadAllAssembliesAndSetupDomain (192ms)
		LoadAssemblies (205ms)
		RebuildTransferFunctionScriptingTraits (0ms)
		AnalyzeDomain (190ms)
			TypeCache.Refresh (188ms)
				TypeCache.ScanAssembly (169ms)
			ScanForSourceGeneratedMonoScriptInfo (0ms)
			ResolveRequiredComponents (1ms)
	FinalizeReload (324ms)
		ReleaseScriptCaches (0ms)
		RebuildScriptCaches (0ms)
		SetupLoadedEditorAssemblies (247ms)
			LogAssemblyErrors (0ms)
			InitializePlatformSupportModulesInManaged (14ms)
			SetLoadedEditorAssemblies (9ms)
			RefreshPlugins (0ms)
			BeforeProcessingInitializeOnLoad (3ms)
			ProcessInitializeOnLoadAttributes (168ms)
			ProcessInitializeOnLoadMethodAttributes (53ms)
			AfterProcessingInitializeOnLoad (0ms)
			EditorAssembliesLoaded (0ms)
		ExecutionOrderSort2 (0ms)
		AwakeInstancesAfterBackupRestoration (0ms)
========================================================================
Worker process is ready to serve import requests
Begin MonoManager ReloadAssembly
- Loaded All Assemblies, in  1.127 seconds
Refreshing native plugins compatible for Editor in 7.07 ms, found 3 plugins.
Native extension for WindowsStandalone target not found
System.Exception: Error! Visual Scripting: couldn't find visual scripting package
  at Unity.VisualScripting.PackageVersionUtility.get_version () [0x00043] in .\Library\PackageCache\com.unity.visualscripting@1.9.4\Editor\VisualScripting.Core\Utilities\PackageVersionUtility.cs:31 
  at Unity.VisualScripting.BoltCoreManifest.get_version () [0x00000] in .\Library\PackageCache\com.unity.visualscripting@1.9.4\Editor\VisualScripting.Core\Plugin\BoltCoreManifest.cs:11 
  at Unity.VisualScripting.PluginManifest.get_currentVersion () [0x00000] in .\Library\PackageCache\com.unity.visualscripting@1.9.4\Editor\VisualScripting.Core\Plugins\PluginManifest.cs:33 
  at Unity.VisualScripting.PluginManifest.get_versionMismatch () [0x00000] in .\Library\PackageCache\com.unity.visualscripting@1.9.4\Editor\VisualScripting.Core\Plugins\PluginManifest.cs:48 
  at Unity.VisualScripting.PluginContainer.Initialize () [0x00525] in .\Library\PackageCache\com.unity.visualscripting@1.9.4\Editor\VisualScripting.Core\Plugins\PluginContainer.cs:208 
  at Unity.VisualScripting.PluginContainer.InitializeOnLoad () [0x00009] in .\Library\PackageCache\com.unity.visualscripting@1.9.4\Editor\VisualScripting.Core\Plugins\PluginContainer.cs:32 
  at Unity.VisualScripting.VSUsageUtility.DoInitializeOnLoadCalls () [0x00034] in .\Library\PackageCache\com.unity.visualscripting@1.9.4\Editor\VisualScripting.Core\Utilities\VSUsageUtility.cs:76 
  at Unity.VisualScripting.VSUsageUtility.set_isVisualScriptingUsed (System.Boolean value) [0x0002c] in .\Library\PackageCache\com.unity.visualscripting@1.9.4\Editor\VisualScripting.Core\Utilities\VSUsageUtility.cs:114 
  at Unity.VisualScripting.VSUsageUtility.CheckAndSetIsVisualScriptingUsed () [0x00032] in .\Library\PackageCache\com.unity.visualscripting@1.9.4\Editor\VisualScripting.Core\Utilities\VSUsageUtility.cs:48 
  at Unity.VisualScripting.VSUsageUtility..cctor () [0x00000] in .\Library\PackageCache\com.unity.visualscripting@1.9.4\Editor\VisualScripting.Core\Utilities\VSUsageUtility.cs:22 
UnityEngine.StackTraceUtility:ExtractStackTrace ()
UnityEngine.DebugLogHandler:LogFormat (UnityEngine.LogType,UnityEngine.Object,string,object[])
UnityEngine.Logger:Log (UnityEngine.LogType,object)
UnityEngine.Debug:LogError (object)
UnityEditor.EditorAssemblies:ProcessInitializeOnLoadAttributes (System.Type[])

Package Manager log level set to [2]
[Package Manager] Server::EnsureServerProcessIsRunning -- launch failed, reason: Unity was launched with the -noUpm command-line argument
[Package Manager] UpmClient::Send -- Unable to send message (not connected to UPM process).
[Package Manager] Cannot connect to Unity Package Manager local server
Mono: successfully reloaded assembly
- Finished resetting the current domain, in  1.348 seconds
Domain Reload Profiling: 2463ms
	BeginReloadAssembly (161ms)
		ExecutionOrderSort (0ms)
		DisableScriptedObjects (5ms)
		BackupInstance (0ms)
		ReleaseScriptingObjects (0ms)
		CreateAndSetChildDomain (25ms)
	RebuildCommonClasses (36ms)
	RebuildNativeTypeToScriptingClass (11ms)
	initialDomainReloadingComplete (57ms)
	LoadAllAssembliesAndSetupDomain (849ms)
		LoadAssemblies (638ms)
		RebuildTransferFunctionScriptingTraits (0ms)
		AnalyzeDomain (305ms)
			TypeCache.Refresh (260ms)
				TypeCache.ScanAssembly (242ms)
			ScanForSourceGeneratedMonoScriptInfo (26ms)
			ResolveRequiredComponents (16ms)
	FinalizeReload (1348ms)
		ReleaseScriptCaches (0ms)
		RebuildScriptCaches (0ms)
		SetupLoadedEditorAssemblies (1168ms)
			LogAssemblyErrors (0ms)
			InitializePlatformSupportModulesInManaged (7ms)
			SetLoadedEditorAssemblies (5ms)
			RefreshPlugins (0ms)
			BeforeProcessingInitializeOnLoad (99ms)
			ProcessInitializeOnLoadAttributes (974ms)
			ProcessInitializeOnLoadMethodAttributes (70ms)
			AfterProcessingInitializeOnLoad (12ms)
			EditorAssembliesLoaded (0ms)
		ExecutionOrderSort2 (0ms)
		AwakeInstancesAfterBackupRestoration (7ms)
Launched and connected shader compiler UnityShaderCompiler.exe after 0.09 seconds
Refreshing native plugins compatible for Editor in 8.32 ms, found 3 plugins.
Preloading 0 native plugins for Editor in 0.00 ms.
Unloading 5240 Unused Serialized files (Serialized files now loaded: 0)
Unloading 72 unused Assets / (0.7 MB). Loaded Objects now: 5721.
Memory consumption went from 228.4 MB to 227.7 MB.
Total: 15.248100 ms (FindLiveObjects: 0.654000 ms CreateObjectMapping: 0.175300 ms MarkObjects: 13.734500 ms  DeleteObjects: 0.682200 ms)

AssetImportParameters requested are different than current active one (requested -> active):
  custom:container-demuxer-ogg: 62fdf1f143b41e24485cea50d1cbac27 -> 
  custom:video-decoder-ogg-theora: a1e56fd34408186e4bbccfd4996cb3dc -> 
  custom:framework-win-MediaFoundation: 216162199b28c13a410421893ffa2e32 -> 
  custom:CustomObjectIndexerAttribute: 72b91833f83ae208fae7752999fa3104 -> 
  custom:container-demuxer-webm: 4f35f7cbe854078d1ac9338744f61a02 -> 
  custom:container-muxer-webm: aa71ff27fc2769a1b78a27578f13a17b -> 
  custom:video-decoder-webm-vp8: 9c59270c3fd7afecdb556c50c9e8de78 -> 
  custom:SearchIndexIgnoredProperties: e643bd26f0fe6173181afceb89e7c659 -> 
  custom:AudioImporter_EditorPlatform: d09bf68614088b80899f8185d706f6e7 -> 
  custom:video-encoder-webm-vp8: eb34c28f22e8b96e1ab97ce403110664 -> 
  custom:audio-decoder-ogg-vorbis: bf7c407c2cedff20999df2af8eb42d56 -> 
  custom:audio-encoder-webm-vorbis: bf7c407c2cedff20999df2af8eb42d56 -> 
========================================================================
Received Import Request.
  Time since last request: 101801.686190 seconds.
  path: Assets/kenney_coaster-kit/Models/FBX format/queue-corner.fbx
  artifactKey: Guid(91ab335d52629194cb6742b995604fab) Importer(815301076,1909f56bfc062723c751e8b465ee728b)
Start importing Assets/kenney_coaster-kit/Models/FBX format/queue-corner.fbx using Guid(91ab335d52629194cb6742b995604fab) Importer(815301076,1909f56bfc062723c751e8b465ee728b) [PhysX] Initialized MultithreadedTaskDispatcher with 12 workers.
[PhysX] Initialized MultithreadedTaskDispatcher with 12 workers.
[PhysX] Initialized MultithreadedTaskDispatcher with 12 workers.
[PhysX] Initialized MultithreadedTaskDispatcher with 12 workers.
 -> (artifact id: '917ea0c84fd31cd2b5cac74b580c7cad') in 0.201770 seconds
Number of updated asset objects reloaded before import = 0
Number of asset objects unloaded after import = 9
========================================================================
Received Import Request.
  Time since last request: 0.000055 seconds.
  path: Assets/kenney_coaster-kit/Models/FBX format/grass.fbx
  artifactKey: Guid(ae74c8b54590b374886e2503bc3f1d0d) Importer(815301076,1909f56bfc062723c751e8b465ee728b)
Start importing Assets/kenney_coaster-kit/Models/FBX format/grass.fbx using Guid(ae74c8b54590b374886e2503bc3f1d0d) Importer(815301076,1909f56bfc062723c751e8b465ee728b) [PhysX] Initialized MultithreadedTaskDispatcher with 12 workers.
[PhysX] Initialized MultithreadedTaskDispatcher with 12 workers.
[PhysX] Initialized MultithreadedTaskDispatcher with 12 workers.
[PhysX] Initialized MultithreadedTaskDispatcher with 12 workers.
 -> (artifact id: '1071084417e0d94678bdd8ea8b6eb428') in 0.050458 seconds
Number of updated asset objects reloaded before import = 0
Number of asset objects unloaded after import = 9
========================================================================
Received Import Request.
  Time since last request: 0.480863 seconds.
  path: Assets/kenney_coaster-kit/Models/FBX format/coaster-wood-straight-hill-complete-half.fbx
  artifactKey: Guid(af5f2181a0caeb343ac413e36e0ebf01) Importer(815301076,1909f56bfc062723c751e8b465ee728b)
Start importing Assets/kenney_coaster-kit/Models/FBX format/coaster-wood-straight-hill-complete-half.fbx using Guid(af5f2181a0caeb343ac413e36e0ebf01) Importer(815301076,1909f56bfc062723c751e8b465ee728b) [PhysX] Initialized MultithreadedTaskDispatcher with 12 workers.
[PhysX] Initialized MultithreadedTaskDispatcher with 12 workers.
[PhysX] Initialized MultithreadedTaskDispatcher with 12 workers.
[PhysX] Initialized MultithreadedTaskDispatcher with 12 workers.
 -> (artifact id: '74225c8df1fa4aeafdf436d823b86db8') in 0.026377 seconds
Number of updated asset objects reloaded before import = 0
Number of asset objects unloaded after import = 9
========================================================================
Received Import Request.
  Time since last request: 0.000039 seconds.
  path: Assets/kenney_coaster-kit/Models/FBX format/coaster-wood-straight-skew-right-side.fbx
  artifactKey: Guid(639be57dd63ac024c920dd45e8973948) Importer(815301076,1909f56bfc062723c751e8b465ee728b)
Start importing Assets/kenney_coaster-kit/Models/FBX format/coaster-wood-straight-skew-right-side.fbx using Guid(639be57dd63ac024c920dd45e8973948) Importer(815301076,1909f56bfc062723c751e8b465ee728b) [PhysX] Initialized MultithreadedTaskDispatcher with 12 workers.
[PhysX] Initialized MultithreadedTaskDispatcher with 12 workers.
[PhysX] Initialized MultithreadedTaskDispatcher with 12 workers.
[PhysX] Initialized MultithreadedTaskDispatcher with 12 workers.
 -> (artifact id: 'dde19cd95c7888a984c18da07c2a6a8a') in 0.036666 seconds
Number of updated asset objects reloaded before import = 0
Number of asset objects unloaded after import = 9
========================================================================
Received Import Request.
  Time since last request: 2.402715 seconds.
  path: Assets/kenney_coaster-kit/Models/FBX format/coaster-wood-segment.fbx
  artifactKey: Guid(907c0489c1811704384d9d22b0dc4785) Importer(815301076,1909f56bfc062723c751e8b465ee728b)
Start importing Assets/kenney_coaster-kit/Models/FBX format/coaster-wood-segment.fbx using Guid(907c0489c1811704384d9d22b0dc4785) Importer(815301076,1909f56bfc062723c751e8b465ee728b) [PhysX] Initialized MultithreadedTaskDispatcher with 12 workers.
[PhysX] Initialized MultithreadedTaskDispatcher with 12 workers.
[PhysX] Initialized MultithreadedTaskDispatcher with 12 workers.
[PhysX] Initialized MultithreadedTaskDispatcher with 12 workers.
 -> (artifact id: '48f1e45250eafa02a5dd86699e37533e') in 0.026213 seconds
Number of updated asset objects reloaded before import = 0
Number of asset objects unloaded after import = 9
========================================================================
Received Import Request.
  Time since last request: 0.000029 seconds.
  path: Assets/kenney_coaster-kit/Models/FBX format/coaster-wood-straight-bump-down.fbx
  artifactKey: Guid(9d41d7279132c5845b9f98ac9f009a9a) Importer(815301076,1909f56bfc062723c751e8b465ee728b)
Start importing Assets/kenney_coaster-kit/Models/FBX format/coaster-wood-straight-bump-down.fbx using Guid(9d41d7279132c5845b9f98ac9f009a9a) Importer(815301076,1909f56bfc062723c751e8b465ee728b) [PhysX] Initialized MultithreadedTaskDispatcher with 12 workers.
[PhysX] Initialized MultithreadedTaskDispatcher with 12 workers.
[PhysX] Initialized MultithreadedTaskDispatcher with 12 workers.
[PhysX] Initialized MultithreadedTaskDispatcher with 12 workers.
 -> (artifact id: '548f6b7e88ae63ce53cd3ef1a9a27cc7') in 0.028774 seconds
Number of updated asset objects reloaded before import = 0
Number of asset objects unloaded after import = 9
========================================================================
Received Import Request.
  Time since last request: 0.325090 seconds.
  path: Assets/kenney_coaster-kit/Models/FBX format/coaster-train-safety.fbx
  artifactKey: Guid(82d5737a6aeadd342ae061a5fe5259a4) Importer(815301076,1909f56bfc062723c751e8b465ee728b)
Start importing Assets/kenney_coaster-kit/Models/FBX format/coaster-train-safety.fbx using Guid(82d5737a6aeadd342ae061a5fe5259a4) Importer(815301076,1909f56bfc062723c751e8b465ee728b) [PhysX] Initialized MultithreadedTaskDispatcher with 12 workers.
[PhysX] Initialized MultithreadedTaskDispatcher with 12 workers.
[PhysX] Initialized MultithreadedTaskDispatcher with 12 workers.
[PhysX] Initialized MultithreadedTaskDispatcher with 12 workers.
 -> (artifact id: '5f50c8a3a7ab09b83b91f27797ff19d6') in 0.026641 seconds
Number of updated asset objects reloaded before import = 0
Number of asset objects unloaded after import = 9
========================================================================
Received Import Request.
  Time since last request: 0.000032 seconds.
  path: Assets/kenney_coaster-kit/Models/FBX format/coaster-wood-corner-small.fbx
  artifactKey: Guid(404b689a552a25e4a94e64e54ebdff5a) Importer(815301076,1909f56bfc062723c751e8b465ee728b)
Start importing Assets/kenney_coaster-kit/Models/FBX format/coaster-wood-corner-small.fbx using Guid(404b689a552a25e4a94e64e54ebdff5a) Importer(815301076,1909f56bfc062723c751e8b465ee728b) [PhysX] Initialized MultithreadedTaskDispatcher with 12 workers.
[PhysX] Initialized MultithreadedTaskDispatcher with 12 workers.
[PhysX] Initialized MultithreadedTaskDispatcher with 12 workers.
[PhysX] Initialized MultithreadedTaskDispatcher with 12 workers.
 -> (artifact id: 'ccb097dbecd7cbac4d1fa94eacdfbb7c') in 0.033260 seconds
Number of updated asset objects reloaded before import = 0
Number of asset objects unloaded after import = 9
========================================================================
Received Import Request.
  Time since last request: 0.289539 seconds.
  path: Assets/kenney_coaster-kit/Models/FBX format/coaster-steel-straight-skew-left.fbx
  artifactKey: Guid(7deea8b31287d3640814d83850400a15) Importer(815301076,1909f56bfc062723c751e8b465ee728b)
Start importing Assets/kenney_coaster-kit/Models/FBX format/coaster-steel-straight-skew-left.fbx using Guid(7deea8b31287d3640814d83850400a15) Importer(815301076,1909f56bfc062723c751e8b465ee728b) [PhysX] Initialized MultithreadedTaskDispatcher with 12 workers.
[PhysX] Initialized MultithreadedTaskDispatcher with 12 workers.
[PhysX] Initialized MultithreadedTaskDispatcher with 12 workers.
[PhysX] Initialized MultithreadedTaskDispatcher with 12 workers.
 -> (artifact id: 'dfe5f9273b3d2a77132dfd267705e81d') in 0.026617 seconds
Number of updated asset objects reloaded before import = 0
Number of asset objects unloaded after import = 9
========================================================================
Received Import Request.
  Time since last request: 0.000030 seconds.
  path: Assets/kenney_coaster-kit/Models/FBX format/coaster-train.fbx
  artifactKey: Guid(66f4a6f97d16712479e19f91a6a53661) Importer(815301076,1909f56bfc062723c751e8b465ee728b)
Start importing Assets/kenney_coaster-kit/Models/FBX format/coaster-train.fbx using Guid(66f4a6f97d16712479e19f91a6a53661) Importer(815301076,1909f56bfc062723c751e8b465ee728b) [PhysX] Initialized MultithreadedTaskDispatcher with 12 workers.
[PhysX] Initialized MultithreadedTaskDispatcher with 12 workers.
[PhysX] Initialized MultithreadedTaskDispatcher with 12 workers.
[PhysX] Initialized MultithreadedTaskDispatcher with 12 workers.
 -> (artifact id: '6f2552bec0de5aaf36750d21091a331c') in 0.033233 seconds
Number of updated asset objects reloaded before import = 0
Number of asset objects unloaded after import = 9
========================================================================
Received Import Request.
  Time since last request: 0.180433 seconds.
  path: Assets/kenney_coaster-kit/Models/FBX format/coaster-steel-straight-bend.fbx
  artifactKey: Guid(ab469592684355a4cb62c8b154ed63c4) Importer(815301076,1909f56bfc062723c751e8b465ee728b)
Start importing Assets/kenney_coaster-kit/Models/FBX format/coaster-steel-straight-bend.fbx using Guid(ab469592684355a4cb62c8b154ed63c4) Importer(815301076,1909f56bfc062723c751e8b465ee728b) [PhysX] Initialized MultithreadedTaskDispatcher with 12 workers.
[PhysX] Initialized MultithreadedTaskDispatcher with 12 workers.
[PhysX] Initialized MultithreadedTaskDispatcher with 12 workers.
[PhysX] Initialized MultithreadedTaskDispatcher with 12 workers.
 -> (artifact id: '4a8973c8eb12fbf06235e5874f24ae24') in 0.028586 seconds
Number of updated asset objects reloaded before import = 0
Number of asset objects unloaded after import = 9
========================================================================
Received Import Request.
  Time since last request: 0.000029 seconds.
  path: Assets/kenney_coaster-kit/Models/FBX format/coaster-steel-straight-hill-beginning.fbx
  artifactKey: Guid(8449f10328c97c443a13216bdd739d9c) Importer(815301076,1909f56bfc062723c751e8b465ee728b)
Start importing Assets/kenney_coaster-kit/Models/FBX format/coaster-steel-straight-hill-beginning.fbx using Guid(8449f10328c97c443a13216bdd739d9c) Importer(815301076,1909f56bfc062723c751e8b465ee728b) [PhysX] Initialized MultithreadedTaskDispatcher with 12 workers.
[PhysX] Initialized MultithreadedTaskDispatcher with 12 workers.
[PhysX] Initialized MultithreadedTaskDispatcher with 12 workers.
[PhysX] Initialized MultithreadedTaskDispatcher with 12 workers.
 -> (artifact id: 'fb665bbd3f0c766d6342b49615a7bb24') in 0.030403 seconds
Number of updated asset objects reloaded before import = 0
Number of asset objects unloaded after import = 9
========================================================================
Received Import Request.
  Time since last request: 0.045084 seconds.
  path: Assets/kenney_coaster-kit/Models/FBX format/coaster-steel-corner-large.fbx
  artifactKey: Guid(fac50882923a85a4c80c7cacce942e2d) Importer(815301076,1909f56bfc062723c751e8b465ee728b)
Start importing Assets/kenney_coaster-kit/Models/FBX format/coaster-steel-corner-large.fbx using Guid(fac50882923a85a4c80c7cacce942e2d) Importer(815301076,1909f56bfc062723c751e8b465ee728b) [PhysX] Initialized MultithreadedTaskDispatcher with 12 workers.
[PhysX] Initialized MultithreadedTaskDispatcher with 12 workers.
[PhysX] Initialized MultithreadedTaskDispatcher with 12 workers.
[PhysX] Initialized MultithreadedTaskDispatcher with 12 workers.
 -> (artifact id: '27bbd01d6abe6c8e215d1ca4b2e47936') in 0.026720 seconds
Number of updated asset objects reloaded before import = 0
Number of asset objects unloaded after import = 9
========================================================================
Received Import Request.
  Time since last request: 0.000042 seconds.
  path: Assets/kenney_coaster-kit/Models/FBX format/coaster-steel-segment.fbx
  artifactKey: Guid(f5e06597c3f787c47af89bac66882506) Importer(815301076,1909f56bfc062723c751e8b465ee728b)
Start importing Assets/kenney_coaster-kit/Models/FBX format/coaster-steel-segment.fbx using Guid(f5e06597c3f787c47af89bac66882506) Importer(815301076,1909f56bfc062723c751e8b465ee728b) [PhysX] Initialized MultithreadedTaskDispatcher with 12 workers.
[PhysX] Initialized MultithreadedTaskDispatcher with 12 workers.
[PhysX] Initialized MultithreadedTaskDispatcher with 12 workers.
[PhysX] Initialized MultithreadedTaskDispatcher with 12 workers.
 -> (artifact id: '6a0494a7bd107a2bbc145db2e1c2f8ab') in 0.034591 seconds
Number of updated asset objects reloaded before import = 0
Number of asset objects unloaded after import = 9
========================================================================
Received Import Request.
  Time since last request: 0.377229 seconds.
  path: Assets/kenney_coaster-kit/Models/FBX format/coaster-mouse-straight-hill-end.fbx
  artifactKey: Guid(ef8dc550f784d95459da899ae92f0c53) Importer(815301076,1909f56bfc062723c751e8b465ee728b)
Start importing Assets/kenney_coaster-kit/Models/FBX format/coaster-mouse-straight-hill-end.fbx using Guid(ef8dc550f784d95459da899ae92f0c53) Importer(815301076,1909f56bfc062723c751e8b465ee728b) [PhysX] Initialized MultithreadedTaskDispatcher with 12 workers.
[PhysX] Initialized MultithreadedTaskDispatcher with 12 workers.
[PhysX] Initialized MultithreadedTaskDispatcher with 12 workers.
[PhysX] Initialized MultithreadedTaskDispatcher with 12 workers.
 -> (artifact id: '6580db35071fc418839abd8790586a1d') in 0.025123 seconds
Number of updated asset objects reloaded before import = 0
Number of asset objects unloaded after import = 9
========================================================================
Received Import Request.
  Time since last request: 0.000028 seconds.
  path: Assets/kenney_coaster-kit/Models/FBX format/coaster-mouse-straight-skew-right-side.fbx
  artifactKey: Guid(816a1d8f4e2e7c0458bf51c2aed97fc5) Importer(815301076,1909f56bfc062723c751e8b465ee728b)
Start importing Assets/kenney_coaster-kit/Models/FBX format/coaster-mouse-straight-skew-right-side.fbx using Guid(816a1d8f4e2e7c0458bf51c2aed97fc5) Importer(815301076,1909f56bfc062723c751e8b465ee728b) [PhysX] Initialized MultithreadedTaskDispatcher with 12 workers.
[PhysX] Initialized MultithreadedTaskDispatcher with 12 workers.
[PhysX] Initialized MultithreadedTaskDispatcher with 12 workers.
[PhysX] Initialized MultithreadedTaskDispatcher with 12 workers.
 -> (artifact id: 'cba89d9dbef71032ac7816b422c0ee3a') in 0.034567 seconds
Number of updated asset objects reloaded before import = 0
Number of asset objects unloaded after import = 9
========================================================================
Received Import Request.
  Time since last request: 0.195785 seconds.
  path: Assets/kenney_coaster-kit/Models/FBX format/coaster-mouse-straight.fbx
  artifactKey: Guid(975b6132b8695f242a2fd50175d60816) Importer(815301076,1909f56bfc062723c751e8b465ee728b)
Start importing Assets/kenney_coaster-kit/Models/FBX format/coaster-mouse-straight.fbx using Guid(975b6132b8695f242a2fd50175d60816) Importer(815301076,1909f56bfc062723c751e8b465ee728b) [PhysX] Initialized MultithreadedTaskDispatcher with 12 workers.
[PhysX] Initialized MultithreadedTaskDispatcher with 12 workers.
[PhysX] Initialized MultithreadedTaskDispatcher with 12 workers.
[PhysX] Initialized MultithreadedTaskDispatcher with 12 workers.
 -> (artifact id: 'f4efd452846d43b2d932a48d786ca561') in 0.026271 seconds
Number of updated asset objects reloaded before import = 0
Number of asset objects unloaded after import = 9
========================================================================
Received Import Request.
  Time since last request: 0.000027 seconds.
  path: Assets/kenney_coaster-kit/Models/FBX format/coaster-mouse-straight-hill-beginning.fbx
  artifactKey: Guid(52780e52068fb1a488a37e8a360bcff1) Importer(815301076,1909f56bfc062723c751e8b465ee728b)
Start importing Assets/kenney_coaster-kit/Models/FBX format/coaster-mouse-straight-hill-beginning.fbx using Guid(52780e52068fb1a488a37e8a360bcff1) Importer(815301076,1909f56bfc062723c751e8b465ee728b) [PhysX] Initialized MultithreadedTaskDispatcher with 12 workers.
[PhysX] Initialized MultithreadedTaskDispatcher with 12 workers.
[PhysX] Initialized MultithreadedTaskDispatcher with 12 workers.
[PhysX] Initialized MultithreadedTaskDispatcher with 12 workers.
 -> (artifact id: '7c72bc5457ee5ac2351e281c0ca96512') in 0.035780 seconds
Number of updated asset objects reloaded before import = 0
Number of asset objects unloaded after import = 9
========================================================================
Received Import Request.
  Time since last request: 0.023463 seconds.
  path: Assets/kenney_coaster-kit/Models/FBX format/coaster-mouse-cap-front.fbx
  artifactKey: Guid(b7a9681a322fa464a88c24ddb0942d66) Importer(815301076,1909f56bfc062723c751e8b465ee728b)
Start importing Assets/kenney_coaster-kit/Models/FBX format/coaster-mouse-cap-front.fbx using Guid(b7a9681a322fa464a88c24ddb0942d66) Importer(815301076,1909f56bfc062723c751e8b465ee728b) [PhysX] Initialized MultithreadedTaskDispatcher with 12 workers.
[PhysX] Initialized MultithreadedTaskDispatcher with 12 workers.
[PhysX] Initialized MultithreadedTaskDispatcher with 12 workers.
[PhysX] Initialized MultithreadedTaskDispatcher with 12 workers.
 -> (artifact id: 'f3969217ade9c385e79ff4d3c1914288') in 0.027615 seconds
Number of updated asset objects reloaded before import = 0
Number of asset objects unloaded after import = 9
========================================================================
Received Import Request.
  Time since last request: 0.000024 seconds.
  path: Assets/kenney_coaster-kit/Models/FBX format/coaster-mouse-corner-small-ramp.fbx
  artifactKey: Guid(3be7621cc63091a45b00ff0bd9b937a1) Importer(815301076,1909f56bfc062723c751e8b465ee728b)
Start importing Assets/kenney_coaster-kit/Models/FBX format/coaster-mouse-corner-small-ramp.fbx using Guid(3be7621cc63091a45b00ff0bd9b937a1) Importer(815301076,1909f56bfc062723c751e8b465ee728b) [PhysX] Initialized MultithreadedTaskDispatcher with 12 workers.
[PhysX] Initialized MultithreadedTaskDispatcher with 12 workers.
[PhysX] Initialized MultithreadedTaskDispatcher with 12 workers.
[PhysX] Initialized MultithreadedTaskDispatcher with 12 workers.
 -> (artifact id: '4453bce2f9cd21ccfa2d6de00741e63b') in 0.027516 seconds
Number of updated asset objects reloaded before import = 0
Number of asset objects unloaded after import = 9
========================================================================
Received Import Request.
  Time since last request: 0.296879 seconds.
  path: Assets/kenney_coaster-kit/Models/FBX format/coaster-monorail-straight-hill-complete-half.fbx
  artifactKey: Guid(18b79c88d65a3f748852ea6e6d03d9e6) Importer(815301076,1909f56bfc062723c751e8b465ee728b)
Start importing Assets/kenney_coaster-kit/Models/FBX format/coaster-monorail-straight-hill-complete-half.fbx using Guid(18b79c88d65a3f748852ea6e6d03d9e6) Importer(815301076,1909f56bfc062723c751e8b465ee728b) [PhysX] Initialized MultithreadedTaskDispatcher with 12 workers.
[PhysX] Initialized MultithreadedTaskDispatcher with 12 workers.
[PhysX] Initialized MultithreadedTaskDispatcher with 12 workers.
[PhysX] Initialized MultithreadedTaskDispatcher with 12 workers.
 -> (artifact id: 'e152fb666c58c2eeef01d98c236b264e') in 0.038619 seconds
Number of updated asset objects reloaded before import = 0
Number of asset objects unloaded after import = 9
========================================================================
Received Import Request.
  Time since last request: 0.000031 seconds.
  path: Assets/kenney_coaster-kit/Models/FBX format/coaster-monorail-straight-skew-right-side.fbx
  artifactKey: Guid(39ae314a8d76b044a967ab12917062a9) Importer(815301076,1909f56bfc062723c751e8b465ee728b)
Start importing Assets/kenney_coaster-kit/Models/FBX format/coaster-monorail-straight-skew-right-side.fbx using Guid(39ae314a8d76b044a967ab12917062a9) Importer(815301076,1909f56bfc062723c751e8b465ee728b) [PhysX] Initialized MultithreadedTaskDispatcher with 12 workers.
[PhysX] Initialized MultithreadedTaskDispatcher with 12 workers.
[PhysX] Initialized MultithreadedTaskDispatcher with 12 workers.
[PhysX] Initialized MultithreadedTaskDispatcher with 12 workers.
 -> (artifact id: '0b4818b0c5bd4c648a9aa2dfe8608ed4') in 0.033448 seconds
Number of updated asset objects reloaded before import = 0
Number of asset objects unloaded after import = 9
========================================================================
Received Import Request.
  Time since last request: 0.000636 seconds.
  path: Assets/kenney_coaster-kit/Models/FBX format/coaster-monorail-segment.fbx
  artifactKey: Guid(1be646f6e506dae4f8a532302aedab43) Importer(815301076,1909f56bfc062723c751e8b465ee728b)
Start importing Assets/kenney_coaster-kit/Models/FBX format/coaster-monorail-segment.fbx using Guid(1be646f6e506dae4f8a532302aedab43) Importer(815301076,1909f56bfc062723c751e8b465ee728b) [PhysX] Initialized MultithreadedTaskDispatcher with 12 workers.
[PhysX] Initialized MultithreadedTaskDispatcher with 12 workers.
[PhysX] Initialized MultithreadedTaskDispatcher with 12 workers.
[PhysX] Initialized MultithreadedTaskDispatcher with 12 workers.
 -> (artifact id: '1021993f02551404c1ce9a68275579c0') in 0.028179 seconds
Number of updated asset objects reloaded before import = 0
Number of asset objects unloaded after import = 9
========================================================================
Received Import Request.
  Time since last request: 0.000037 seconds.
  path: Assets/kenney_coaster-kit/Models/FBX format/coaster-monorail-straight-hill-beginning.fbx
  artifactKey: Guid(8348fe98f3918524d879543a42a9ffdd) Importer(815301076,1909f56bfc062723c751e8b465ee728b)
Start importing Assets/kenney_coaster-kit/Models/FBX format/coaster-monorail-straight-hill-beginning.fbx using Guid(8348fe98f3918524d879543a42a9ffdd) Importer(815301076,1909f56bfc062723c751e8b465ee728b) [PhysX] Initialized MultithreadedTaskDispatcher with 12 workers.
[PhysX] Initialized MultithreadedTaskDispatcher with 12 workers.
[PhysX] Initialized MultithreadedTaskDispatcher with 12 workers.
[PhysX] Initialized MultithreadedTaskDispatcher with 12 workers.
 -> (artifact id: '2d56cf44c9b70ef8712b7c930b5652b4') in 0.034558 seconds
Number of updated asset objects reloaded before import = 0
Number of asset objects unloaded after import = 9
========================================================================
Received Import Request.
  Time since last request: 0.339856 seconds.
  path: Assets/kenney_coaster-kit/Models/FBX format/coaster-monorail-cap-back.fbx
  artifactKey: Guid(d50e85ede25bd0d408cd75487c82b326) Importer(815301076,1909f56bfc062723c751e8b465ee728b)
Start importing Assets/kenney_coaster-kit/Models/FBX format/coaster-monorail-cap-back.fbx using Guid(d50e85ede25bd0d408cd75487c82b326) Importer(815301076,1909f56bfc062723c751e8b465ee728b) [PhysX] Initialized MultithreadedTaskDispatcher with 12 workers.
[PhysX] Initialized MultithreadedTaskDispatcher with 12 workers.
[PhysX] Initialized MultithreadedTaskDispatcher with 12 workers.
[PhysX] Initialized MultithreadedTaskDispatcher with 12 workers.
 -> (artifact id: 'ee1639ccbbfc3296ecf8d845463f5044') in 0.027178 seconds
Number of updated asset objects reloaded before import = 0
Number of asset objects unloaded after import = 9
========================================================================
Received Import Request.
  Time since last request: 0.000036 seconds.
  path: Assets/kenney_coaster-kit/Models/FBX format/coaster-monorail-corner-small.fbx
  artifactKey: Guid(528c185b2f4f0f74c88d6ba99cfc2e46) Importer(815301076,1909f56bfc062723c751e8b465ee728b)
Start importing Assets/kenney_coaster-kit/Models/FBX format/coaster-monorail-corner-small.fbx using Guid(528c185b2f4f0f74c88d6ba99cfc2e46) Importer(815301076,1909f56bfc062723c751e8b465ee728b) [PhysX] Initialized MultithreadedTaskDispatcher with 12 workers.
[PhysX] Initialized MultithreadedTaskDispatcher with 12 workers.
[PhysX] Initialized MultithreadedTaskDispatcher with 12 workers.
[PhysX] Initialized MultithreadedTaskDispatcher with 12 workers.
 -> (artifact id: 'd27422e5c527e1dd0fabfa6494d6da44') in 0.036605 seconds
Number of updated asset objects reloaded before import = 0
Number of asset objects unloaded after import = 9
========================================================================
Received Import Request.
  Time since last request: 0.054759 seconds.
  path: Assets/kenney_coaster-kit/Models/FBX format/coaster-hanging-straight-hill-complete.fbx
  artifactKey: Guid(04fe4fc2991b88a4caef278a385b74e2) Importer(815301076,1909f56bfc062723c751e8b465ee728b)
Start importing Assets/kenney_coaster-kit/Models/FBX format/coaster-hanging-straight-hill-complete.fbx using Guid(04fe4fc2991b88a4caef278a385b74e2) Importer(815301076,1909f56bfc062723c751e8b465ee728b) [PhysX] Initialized MultithreadedTaskDispatcher with 12 workers.
[PhysX] Initialized MultithreadedTaskDispatcher with 12 workers.
[PhysX] Initialized MultithreadedTaskDispatcher with 12 workers.
[PhysX] Initialized MultithreadedTaskDispatcher with 12 workers.
 -> (artifact id: '759a0f3781f30fbe83bd7c7ecfd883c2') in 0.026916 seconds
Number of updated asset objects reloaded before import = 0
Number of asset objects unloaded after import = 9
========================================================================
Received Import Request.
  Time since last request: 0.000027 seconds.
  path: Assets/kenney_coaster-kit/Models/FBX format/coaster-hanging-straight-skew-right.fbx
  artifactKey: Guid(8741370ce3e16004bb08078218ee15a8) Importer(815301076,1909f56bfc062723c751e8b465ee728b)
Start importing Assets/kenney_coaster-kit/Models/FBX format/coaster-hanging-straight-skew-right.fbx using Guid(8741370ce3e16004bb08078218ee15a8) Importer(815301076,1909f56bfc062723c751e8b465ee728b) [PhysX] Initialized MultithreadedTaskDispatcher with 12 workers.
[PhysX] Initialized MultithreadedTaskDispatcher with 12 workers.
[PhysX] Initialized MultithreadedTaskDispatcher with 12 workers.
[PhysX] Initialized MultithreadedTaskDispatcher with 12 workers.
 -> (artifact id: '2fd9f42f35023d8c9cdef0535f9d3d30') in 0.035515 seconds
Number of updated asset objects reloaded before import = 0
Number of asset objects unloaded after import = 9
========================================================================
Received Import Request.
  Time since last request: 0.254895 seconds.
  path: Assets/kenney_coaster-kit/Models/FBX format/coaster-hanging-looping.fbx
  artifactKey: Guid(2775d95bfd8804b4481b50f16351e286) Importer(815301076,1909f56bfc062723c751e8b465ee728b)
Start importing Assets/kenney_coaster-kit/Models/FBX format/coaster-hanging-looping.fbx using Guid(2775d95bfd8804b4481b50f16351e286) Importer(815301076,1909f56bfc062723c751e8b465ee728b) [PhysX] Initialized MultithreadedTaskDispatcher with 12 workers.
[PhysX] Initialized MultithreadedTaskDispatcher with 12 workers.
[PhysX] Initialized MultithreadedTaskDispatcher with 12 workers.
[PhysX] Initialized MultithreadedTaskDispatcher with 12 workers.
 -> (artifact id: 'bf04646edf6bee8254566aca78b617aa') in 0.026959 seconds
Number of updated asset objects reloaded before import = 0
Number of asset objects unloaded after import = 9
========================================================================
Received Import Request.
  Time since last request: 0.000035 seconds.
  path: Assets/kenney_coaster-kit/Models/FBX format/coaster-hanging-straight-bump-up.fbx
  artifactKey: Guid(bf3ae93313fbb67478ceaee89e398bd5) Importer(815301076,1909f56bfc062723c751e8b465ee728b)
Start importing Assets/kenney_coaster-kit/Models/FBX format/coaster-hanging-straight-bump-up.fbx using Guid(bf3ae93313fbb67478ceaee89e398bd5) Importer(815301076,1909f56bfc062723c751e8b465ee728b) [PhysX] Initialized MultithreadedTaskDispatcher with 12 workers.
[PhysX] Initialized MultithreadedTaskDispatcher with 12 workers.
[PhysX] Initialized MultithreadedTaskDispatcher with 12 workers.
[PhysX] Initialized MultithreadedTaskDispatcher with 12 workers.
 -> (artifact id: '67a371df9ed856db4e1252a3419642b1') in 0.034320 seconds
Number of updated asset objects reloaded before import = 0
Number of asset objects unloaded after import = 9
========================================================================
Received Import Request.
  Time since last request: 0.219262 seconds.
  path: Assets/kenney_coaster-kit/Models/FBX format/coaster-flume-track.fbx
  artifactKey: Guid(4d88d9c69e4514142bb1fda3802467ff) Importer(815301076,1909f56bfc062723c751e8b465ee728b)
Start importing Assets/kenney_coaster-kit/Models/FBX format/coaster-flume-track.fbx using Guid(4d88d9c69e4514142bb1fda3802467ff) Importer(815301076,1909f56bfc062723c751e8b465ee728b) [PhysX] Initialized MultithreadedTaskDispatcher with 12 workers.
[PhysX] Initialized MultithreadedTaskDispatcher with 12 workers.
[PhysX] Initialized MultithreadedTaskDispatcher with 12 workers.
[PhysX] Initialized MultithreadedTaskDispatcher with 12 workers.
 -> (artifact id: '3288b9e52359c754a7d2136775ee0d0e') in 0.027863 seconds
Number of updated asset objects reloaded before import = 0
Number of asset objects unloaded after import = 9
========================================================================
Received Import Request.
  Time since last request: 0.000046 seconds.
  path: Assets/kenney_coaster-kit/Models/FBX format/coaster-hanging-corner-small.fbx
  artifactKey: Guid(27a701bb66483764c9c723650251bffb) Importer(815301076,1909f56bfc062723c751e8b465ee728b)
Start importing Assets/kenney_coaster-kit/Models/FBX format/coaster-hanging-corner-small.fbx using Guid(27a701bb66483764c9c723650251bffb) Importer(815301076,1909f56bfc062723c751e8b465ee728b) [PhysX] Initialized MultithreadedTaskDispatcher with 12 workers.
[PhysX] Initialized MultithreadedTaskDispatcher with 12 workers.
[PhysX] Initialized MultithreadedTaskDispatcher with 12 workers.
[PhysX] Initialized MultithreadedTaskDispatcher with 12 workers.
 -> (artifact id: '53cebe67d7fa68601f52eca99e4ddcce') in 0.030175 seconds
Number of updated asset objects reloaded before import = 0
Number of asset objects unloaded after import = 9
========================================================================
Received Import Request.
  Time since last request: 0.071053 seconds.
  path: Assets/kenney_coaster-kit/Models/FBX format/coaster-flume-straight-hill-beginning.fbx
  artifactKey: Guid(0f0612f4b8b061f429abd9da02d3df9f) Importer(815301076,1909f56bfc062723c751e8b465ee728b)
Start importing Assets/kenney_coaster-kit/Models/FBX format/coaster-flume-straight-hill-beginning.fbx using Guid(0f0612f4b8b061f429abd9da02d3df9f) Importer(815301076,1909f56bfc062723c751e8b465ee728b) [PhysX] Initialized MultithreadedTaskDispatcher with 12 workers.
[PhysX] Initialized MultithreadedTaskDispatcher with 12 workers.
[PhysX] Initialized MultithreadedTaskDispatcher with 12 workers.
[PhysX] Initialized MultithreadedTaskDispatcher with 12 workers.
 -> (artifact id: 'def4c28838197b63a95018367408898b') in 0.024884 seconds
Number of updated asset objects reloaded before import = 0
Number of asset objects unloaded after import = 9
========================================================================
Received Import Request.
  Time since last request: 0.000034 seconds.
  path: Assets/kenney_coaster-kit/Models/FBX format/coaster-flume-straight-skew-right.fbx
  artifactKey: Guid(c24818aeb94c70b41a6555650619b34f) Importer(815301076,1909f56bfc062723c751e8b465ee728b)
Start importing Assets/kenney_coaster-kit/Models/FBX format/coaster-flume-straight-skew-right.fbx using Guid(c24818aeb94c70b41a6555650619b34f) Importer(815301076,1909f56bfc062723c751e8b465ee728b) [PhysX] Initialized MultithreadedTaskDispatcher with 12 workers.
[PhysX] Initialized MultithreadedTaskDispatcher with 12 workers.
[PhysX] Initialized MultithreadedTaskDispatcher with 12 workers.
[PhysX] Initialized MultithreadedTaskDispatcher with 12 workers.
 -> (artifact id: '1e63ddba4258c8618b9311f780f39ef6') in 0.034246 seconds
Number of updated asset objects reloaded before import = 0
Number of asset objects unloaded after import = 9
========================================================================
Received Import Request.
  Time since last request: 0.093939 seconds.
  path: Assets/kenney_coaster-kit/Models/FBX format/coaster-flume-curve.fbx
  artifactKey: Guid(b281d322efa9b704ea2e64434be5416c) Importer(815301076,1909f56bfc062723c751e8b465ee728b)
Start importing Assets/kenney_coaster-kit/Models/FBX format/coaster-flume-curve.fbx using Guid(b281d322efa9b704ea2e64434be5416c) Importer(815301076,1909f56bfc062723c751e8b465ee728b) [PhysX] Initialized MultithreadedTaskDispatcher with 12 workers.
[PhysX] Initialized MultithreadedTaskDispatcher with 12 workers.
[PhysX] Initialized MultithreadedTaskDispatcher with 12 workers.
[PhysX] Initialized MultithreadedTaskDispatcher with 12 workers.
 -> (artifact id: 'ce5900e6052379f1db5bbd5cae01198e') in 0.026927 seconds
Number of updated asset objects reloaded before import = 0
Number of asset objects unloaded after import = 9
========================================================================
Received Import Request.
  Time since last request: 0.000034 seconds.
  path: Assets/kenney_coaster-kit/Models/FBX format/coaster-flume-straight-bend.fbx
  artifactKey: Guid(4791eeee118ff9d42bb55c297f20f08d) Importer(815301076,1909f56bfc062723c751e8b465ee728b)
Start importing Assets/kenney_coaster-kit/Models/FBX format/coaster-flume-straight-bend.fbx using Guid(4791eeee118ff9d42bb55c297f20f08d) Importer(815301076,1909f56bfc062723c751e8b465ee728b) [PhysX] Initialized MultithreadedTaskDispatcher with 12 workers.
[PhysX] Initialized MultithreadedTaskDispatcher with 12 workers.
[PhysX] Initialized MultithreadedTaskDispatcher with 12 workers.
[PhysX] Initialized MultithreadedTaskDispatcher with 12 workers.
 -> (artifact id: '125d30aaefb38b39bff6bb3072a63b9c') in 0.032176 seconds
Number of updated asset objects reloaded before import = 0
Number of asset objects unloaded after import = 9
========================================================================
Received Import Request.
  Time since last request: 0.281814 seconds.
  path: Assets/kenney_coaster-kit/Models/FBX format/bench.fbx
  artifactKey: Guid(cd303549c12d4a649897bacdde49e8cc) Importer(815301076,1909f56bfc062723c751e8b465ee728b)
Start importing Assets/kenney_coaster-kit/Models/FBX format/bench.fbx using Guid(cd303549c12d4a649897bacdde49e8cc) Importer(815301076,1909f56bfc062723c751e8b465ee728b) [PhysX] Initialized MultithreadedTaskDispatcher with 12 workers.
[PhysX] Initialized MultithreadedTaskDispatcher with 12 workers.
[PhysX] Initialized MultithreadedTaskDispatcher with 12 workers.
[PhysX] Initialized MultithreadedTaskDispatcher with 12 workers.
 -> (artifact id: 'ab37131dc801d793fed64056ace24dab') in 0.037521 seconds
Number of updated asset objects reloaded before import = 0
Number of asset objects unloaded after import = 9
Editor requested this worker to shutdown with reason: Scaling down because of idle timeout
TcpMessagingSession - receive error: operation aborted. errorcode: 995, details: Vstupnì-výstupní operace byla pøerušena buï z dùvodu ukonèení vlákna, nebo na žádost aplikace.
AssetImportWorker is now disconnected from the server
Process exiting
Exiting without the bug reporter. Application will terminate with return code 0