Using pre-set license
Built from '2022.3/staging' branch; Version is '2022.3.33f1 (b2c853adf198) revision 11716691'; Using compiler version '192829333'; Build Type 'Release'
OS: 'Windows 11  (10.0.26100) 64bit Professional' Language: 'cs' Physical Memory: 7530 MB
BatchMode: 1, IsHumanControllingUs: 0, StartBugReporterOnCrash: 0, Is64bit: 1, IsPro: 1

COMMAND LINE ARGUMENTS:
C:\Program Files\Unity\Hub\Editor\2022.3.33f1\Editor\Unity.exe
-adb2
-batchMode
-noUpm
-name
AssetImportWorker3
-projectPath
C:/Users/petrd/Documents/GitHub/PolyMage
-logFile
Logs/AssetImportWorker3.log
-srvPort
51256
Successfully changed project path to: C:/Users/petrd/Documents/GitHub/PolyMage
C:/Users/petrd/Documents/GitHub/PolyMage
[UnityMemory] Configuration Parameters - Can be set up in boot.config
    "memorysetup-bucket-allocator-granularity=16"
    "memorysetup-bucket-allocator-bucket-count=8"
    "memorysetup-bucket-allocator-block-size=33554432"
    "memorysetup-bucket-allocator-block-count=8"
    "memorysetup-main-allocator-block-size=16777216"
    "memorysetup-thread-allocator-block-size=16777216"
    "memorysetup-gfx-main-allocator-block-size=16777216"
    "memorysetup-gfx-thread-allocator-block-size=16777216"
    "memorysetup-cache-allocator-block-size=4194304"
    "memorysetup-typetree-allocator-block-size=2097152"
    "memorysetup-profiler-bucket-allocator-granularity=16"
    "memorysetup-profiler-bucket-allocator-bucket-count=8"
    "memorysetup-profiler-bucket-allocator-block-size=33554432"
    "memorysetup-profiler-bucket-allocator-block-count=8"
    "memorysetup-profiler-allocator-block-size=16777216"
    "memorysetup-profiler-editor-allocator-block-size=1048576"
    "memorysetup-temp-allocator-size-main=16777216"
    "memorysetup-job-temp-allocator-block-size=2097152"
    "memorysetup-job-temp-allocator-block-size-background=1048576"
    "memorysetup-job-temp-allocator-reduction-small-platforms=262144"
    "memorysetup-allocator-temp-initial-block-size-main=262144"
    "memorysetup-allocator-temp-initial-block-size-worker=262144"
    "memorysetup-temp-allocator-size-background-worker=32768"
    "memorysetup-temp-allocator-size-job-worker=262144"
    "memorysetup-temp-allocator-size-preload-manager=33554432"
    "memorysetup-temp-allocator-size-nav-mesh-worker=65536"
    "memorysetup-temp-allocator-size-audio-worker=65536"
    "memorysetup-temp-allocator-size-cloud-worker=32768"
    "memorysetup-temp-allocator-size-gi-baking-worker=262144"
    "memorysetup-temp-allocator-size-gfx=262144"
Player connection [10488] Host "[IP] 192.168.1.104 [Port] 0 [Flags] 2 [Guid] 3136939538 [EditorId] 3136939538 [Version] 1048832 [Id] WindowsEditor(7,Duny-Lenovo) [Debug] 1 [PackageName] WindowsEditor [ProjectName] Editor" joined multi-casting on [225.0.0.222:54997]...

Player connection [10488] Host "[IP] 192.168.1.104 [Port] 0 [Flags] 2 [Guid] 3136939538 [EditorId] 3136939538 [Version] 1048832 [Id] WindowsEditor(7,Duny-Lenovo) [Debug] 1 [PackageName] WindowsEditor [ProjectName] Editor" joined alternative multi-casting on [225.0.0.222:34997]...

[PhysX] Initialized MultithreadedTaskDispatcher with 12 workers.
Refreshing native plugins compatible for Editor in 29.61 ms, found 3 plugins.
Preloading 0 native plugins for Editor in 0.00 ms.
Initialize engine version: 2022.3.33f1 (b2c853adf198)
[Subsystems] Discovering subsystems at path C:/Program Files/Unity/Hub/Editor/2022.3.33f1/Editor/Data/Resources/UnitySubsystems
[Subsystems] Discovering subsystems at path C:/Users/petrd/Documents/GitHub/PolyMage/Assets
GfxDevice: creating device client; threaded=0; jobified=0
Direct3D:
    Version:  Direct3D 11.0 [level 11.1]
    Renderer: AMD Radeon(TM) Graphics (ID=0x164c)
    Vendor:   ATI
    VRAM:     3765 MB
    Driver:   31.0.21912.14
Initialize mono
Mono path[0] = 'C:/Program Files/Unity/Hub/Editor/2022.3.33f1/Editor/Data/Managed'
Mono path[1] = 'C:/Program Files/Unity/Hub/Editor/2022.3.33f1/Editor/Data/MonoBleedingEdge/lib/mono/unityjit-win32'
Mono config path = 'C:/Program Files/Unity/Hub/Editor/2022.3.33f1/Editor/Data/MonoBleedingEdge/etc'
Using monoOptions --debugger-agent=transport=dt_socket,embedding=1,server=y,suspend=n,address=127.0.0.1:56788
Begin MonoManager ReloadAssembly
Registering precompiled unity dll's ...
Register platform support module: C:/Program Files/Unity/Hub/Editor/2022.3.33f1/Editor/Data/PlaybackEngines/WindowsStandaloneSupport/UnityEditor.WindowsStandalone.Extensions.dll
Registered in 0.021855 seconds.
- Loaded All Assemblies, in  1.064 seconds
Native extension for WindowsStandalone target not found
Mono: successfully reloaded assembly
- Finished resetting the current domain, in  0.799 seconds
Domain Reload Profiling: 1840ms
	BeginReloadAssembly (306ms)
		ExecutionOrderSort (0ms)
		DisableScriptedObjects (0ms)
		BackupInstance (0ms)
		ReleaseScriptingObjects (0ms)
		CreateAndSetChildDomain (1ms)
	RebuildCommonClasses (74ms)
	RebuildNativeTypeToScriptingClass (20ms)
	initialDomainReloadingComplete (167ms)
	LoadAllAssembliesAndSetupDomain (473ms)
		LoadAssemblies (302ms)
		RebuildTransferFunctionScriptingTraits (0ms)
		AnalyzeDomain (465ms)
			TypeCache.Refresh (461ms)
				TypeCache.ScanAssembly (425ms)
			ScanForSourceGeneratedMonoScriptInfo (1ms)
			ResolveRequiredComponents (1ms)
	FinalizeReload (800ms)
		ReleaseScriptCaches (0ms)
		RebuildScriptCaches (0ms)
		SetupLoadedEditorAssemblies (641ms)
			LogAssemblyErrors (0ms)
			InitializePlatformSupportModulesInManaged (37ms)
			SetLoadedEditorAssemblies (22ms)
			RefreshPlugins (0ms)
			BeforeProcessingInitializeOnLoad (5ms)
			ProcessInitializeOnLoadAttributes (454ms)
			ProcessInitializeOnLoadMethodAttributes (123ms)
			AfterProcessingInitializeOnLoad (0ms)
			EditorAssembliesLoaded (0ms)
		ExecutionOrderSort2 (0ms)
		AwakeInstancesAfterBackupRestoration (0ms)
========================================================================
Worker process is ready to serve import requests
Begin MonoManager ReloadAssembly
- Loaded All Assemblies, in  1.870 seconds
Refreshing native plugins compatible for Editor in 46.67 ms, found 3 plugins.
Native extension for WindowsStandalone target not found
System.Exception: Error! Visual Scripting: couldn't find visual scripting package
  at Unity.VisualScripting.PackageVersionUtility.get_version () [0x00043] in .\Library\PackageCache\com.unity.visualscripting@1.9.4\Editor\VisualScripting.Core\Utilities\PackageVersionUtility.cs:31 
  at Unity.VisualScripting.BoltCoreManifest.get_version () [0x00000] in .\Library\PackageCache\com.unity.visualscripting@1.9.4\Editor\VisualScripting.Core\Plugin\BoltCoreManifest.cs:11 
  at Unity.VisualScripting.PluginManifest.get_currentVersion () [0x00000] in .\Library\PackageCache\com.unity.visualscripting@1.9.4\Editor\VisualScripting.Core\Plugins\PluginManifest.cs:33 
  at Unity.VisualScripting.PluginManifest.get_versionMismatch () [0x00000] in .\Library\PackageCache\com.unity.visualscripting@1.9.4\Editor\VisualScripting.Core\Plugins\PluginManifest.cs:48 
  at Unity.VisualScripting.PluginContainer.Initialize () [0x00525] in .\Library\PackageCache\com.unity.visualscripting@1.9.4\Editor\VisualScripting.Core\Plugins\PluginContainer.cs:208 
  at Unity.VisualScripting.PluginContainer.InitializeOnLoad () [0x00009] in .\Library\PackageCache\com.unity.visualscripting@1.9.4\Editor\VisualScripting.Core\Plugins\PluginContainer.cs:32 
  at Unity.VisualScripting.VSUsageUtility.DoInitializeOnLoadCalls () [0x00034] in .\Library\PackageCache\com.unity.visualscripting@1.9.4\Editor\VisualScripting.Core\Utilities\VSUsageUtility.cs:76 
  at Unity.VisualScripting.VSUsageUtility.set_isVisualScriptingUsed (System.Boolean value) [0x0002c] in .\Library\PackageCache\com.unity.visualscripting@1.9.4\Editor\VisualScripting.Core\Utilities\VSUsageUtility.cs:114 
  at Unity.VisualScripting.VSUsageUtility.CheckAndSetIsVisualScriptingUsed () [0x00032] in .\Library\PackageCache\com.unity.visualscripting@1.9.4\Editor\VisualScripting.Core\Utilities\VSUsageUtility.cs:48 
  at Unity.VisualScripting.VSUsageUtility..cctor () [0x00000] in .\Library\PackageCache\com.unity.visualscripting@1.9.4\Editor\VisualScripting.Core\Utilities\VSUsageUtility.cs:22 
UnityEngine.StackTraceUtility:ExtractStackTrace ()
UnityEngine.DebugLogHandler:LogFormat (UnityEngine.LogType,UnityEngine.Object,string,object[])
UnityEngine.Logger:Log (UnityEngine.LogType,object)
UnityEngine.Debug:LogError (object)
UnityEditor.EditorAssemblies:ProcessInitializeOnLoadAttributes (System.Type[])

Package Manager log level set to [2]
[Package Manager] Server::EnsureServerProcessIsRunning -- launch failed, reason: Unity was launched with the -noUpm command-line argument
[Package Manager] UpmClient::Send -- Unable to send message (not connected to UPM process).
[Package Manager] Cannot connect to Unity Package Manager local server
Mono: successfully reloaded assembly
- Finished resetting the current domain, in  3.765 seconds
Domain Reload Profiling: 5624ms
	BeginReloadAssembly (223ms)
		ExecutionOrderSort (0ms)
		DisableScriptedObjects (7ms)
		BackupInstance (0ms)
		ReleaseScriptingObjects (0ms)
		CreateAndSetChildDomain (31ms)
	RebuildCommonClasses (49ms)
	RebuildNativeTypeToScriptingClass (14ms)
	initialDomainReloadingComplete (83ms)
	LoadAllAssembliesAndSetupDomain (1488ms)
		LoadAssemblies (961ms)
		RebuildTransferFunctionScriptingTraits (0ms)
		AnalyzeDomain (661ms)
			TypeCache.Refresh (578ms)
				TypeCache.ScanAssembly (529ms)
			ScanForSourceGeneratedMonoScriptInfo (62ms)
			ResolveRequiredComponents (17ms)
	FinalizeReload (3766ms)
		ReleaseScriptCaches (0ms)
		RebuildScriptCaches (0ms)
		SetupLoadedEditorAssemblies (3428ms)
			LogAssemblyErrors (0ms)
			InitializePlatformSupportModulesInManaged (16ms)
			SetLoadedEditorAssemblies (10ms)
			RefreshPlugins (0ms)
			BeforeProcessingInitializeOnLoad (162ms)
			ProcessInitializeOnLoadAttributes (3062ms)
			ProcessInitializeOnLoadMethodAttributes (145ms)
			AfterProcessingInitializeOnLoad (33ms)
			EditorAssembliesLoaded (0ms)
		ExecutionOrderSort2 (0ms)
		AwakeInstancesAfterBackupRestoration (14ms)
Launched and connected shader compiler UnityShaderCompiler.exe after 0.07 seconds
Refreshing native plugins compatible for Editor in 12.82 ms, found 3 plugins.
Preloading 0 native plugins for Editor in 0.00 ms.
Unloading 5240 Unused Serialized files (Serialized files now loaded: 0)
Unloading 72 unused Assets / (0.7 MB). Loaded Objects now: 5721.
Memory consumption went from 226.4 MB to 225.7 MB.
Total: 26.466500 ms (FindLiveObjects: 1.136400 ms CreateObjectMapping: 0.840400 ms MarkObjects: 23.559500 ms  DeleteObjects: 0.927700 ms)

AssetImportParameters requested are different than current active one (requested -> active):
  custom:container-demuxer-ogg: 62fdf1f143b41e24485cea50d1cbac27 -> 
  custom:video-decoder-ogg-theora: a1e56fd34408186e4bbccfd4996cb3dc -> 
  custom:framework-win-MediaFoundation: 216162199b28c13a410421893ffa2e32 -> 
  custom:CustomObjectIndexerAttribute: 72b91833f83ae208fae7752999fa3104 -> 
  custom:container-demuxer-webm: 4f35f7cbe854078d1ac9338744f61a02 -> 
  custom:container-muxer-webm: aa71ff27fc2769a1b78a27578f13a17b -> 
  custom:video-decoder-webm-vp8: 9c59270c3fd7afecdb556c50c9e8de78 -> 
  custom:SearchIndexIgnoredProperties: e643bd26f0fe6173181afceb89e7c659 -> 
  custom:AudioImporter_EditorPlatform: d09bf68614088b80899f8185d706f6e7 -> 
  custom:video-encoder-webm-vp8: eb34c28f22e8b96e1ab97ce403110664 -> 
  custom:audio-decoder-ogg-vorbis: bf7c407c2cedff20999df2af8eb42d56 -> 
  custom:audio-encoder-webm-vorbis: bf7c407c2cedff20999df2af8eb42d56 -> 
========================================================================
Received Import Request.
  Time since last request: 101639.367876 seconds.
  path: Assets/kenney_coaster-kit/Preview (Coaster Monorail).png
  artifactKey: Guid(ee76ccffcf6bf61408093e3acff6926a) Importer(815301076,1909f56bfc062723c751e8b465ee728b)
Start importing Assets/kenney_coaster-kit/Preview (Coaster Monorail).png using Guid(ee76ccffcf6bf61408093e3acff6926a) Importer(815301076,1909f56bfc062723c751e8b465ee728b) [PhysX] Initialized MultithreadedTaskDispatcher with 12 workers.
[PhysX] Initialized MultithreadedTaskDispatcher with 12 workers.
 -> (artifact id: '0b608005adcbfc74a13306df2581aac9') in 0.083453 seconds
Number of updated asset objects reloaded before import = 0
Number of asset objects unloaded after import = 2
========================================================================
Received Import Request.
  Time since last request: 16.472443 seconds.
  path: Assets/kenney_coaster-kit/Models/OBJ format/coaster-flume-corner-large.obj
  artifactKey: Guid(efe1e4dc43a37a549ab83ccdeb1a7138) Importer(815301076,1909f56bfc062723c751e8b465ee728b)
Start importing Assets/kenney_coaster-kit/Models/OBJ format/coaster-flume-corner-large.obj using Guid(efe1e4dc43a37a549ab83ccdeb1a7138) Importer(815301076,1909f56bfc062723c751e8b465ee728b) [PhysX] Initialized MultithreadedTaskDispatcher with 12 workers.
[PhysX] Initialized MultithreadedTaskDispatcher with 12 workers.
[PhysX] Initialized MultithreadedTaskDispatcher with 12 workers.
[PhysX] Initialized MultithreadedTaskDispatcher with 12 workers.
[PhysX] Initialized MultithreadedTaskDispatcher with 12 workers.
 -> (artifact id: '3652af2a39c7b52bce1e43b0fa20533d') in 0.159362 seconds
Number of updated asset objects reloaded before import = 0
Number of asset objects unloaded after import = 11
========================================================================
Received Import Request.
  Time since last request: 0.000051 seconds.
  path: Assets/kenney_coaster-kit/Models/OBJ format/coaster-flume-looping.obj
  artifactKey: Guid(659fa574946027743b3e16b4a0bdc432) Importer(815301076,1909f56bfc062723c751e8b465ee728b)
Start importing Assets/kenney_coaster-kit/Models/OBJ format/coaster-flume-looping.obj using Guid(659fa574946027743b3e16b4a0bdc432) Importer(815301076,1909f56bfc062723c751e8b465ee728b) [PhysX] Initialized MultithreadedTaskDispatcher with 12 workers.
[PhysX] Initialized MultithreadedTaskDispatcher with 12 workers.
[PhysX] Initialized MultithreadedTaskDispatcher with 12 workers.
[PhysX] Initialized MultithreadedTaskDispatcher with 12 workers.
[PhysX] Initialized MultithreadedTaskDispatcher with 12 workers.
 -> (artifact id: 'e95f563bc6b31a5163840402c41b1999') in 0.041210 seconds
Number of updated asset objects reloaded before import = 0
Number of asset objects unloaded after import = 11
========================================================================
Received Import Request.
  Time since last request: 0.000062 seconds.
  path: Assets/kenney_coaster-kit/Models/OBJ format/coaster-flume-straight.obj
  artifactKey: Guid(202b202b82320c54b919ed6d591a4e38) Importer(815301076,1909f56bfc062723c751e8b465ee728b)
Start importing Assets/kenney_coaster-kit/Models/OBJ format/coaster-flume-straight.obj using Guid(202b202b82320c54b919ed6d591a4e38) Importer(815301076,1909f56bfc062723c751e8b465ee728b) [PhysX] Initialized MultithreadedTaskDispatcher with 12 workers.
[PhysX] Initialized MultithreadedTaskDispatcher with 12 workers.
[PhysX] Initialized MultithreadedTaskDispatcher with 12 workers.
[PhysX] Initialized MultithreadedTaskDispatcher with 12 workers.
[PhysX] Initialized MultithreadedTaskDispatcher with 12 workers.
 -> (artifact id: 'd4b27e3705c9505a67b3f06ceaaf0cf6') in 0.039334 seconds
Number of updated asset objects reloaded before import = 0
Number of asset objects unloaded after import = 11
========================================================================
Received Import Request.
  Time since last request: 2.497743 seconds.
  path: Assets/kenney_coaster-kit/Models/OBJ format/coaster-flume-straight-skew-left.obj
  artifactKey: Guid(bb73f4caeaa534c4d9386618410cccb2) Importer(815301076,1909f56bfc062723c751e8b465ee728b)
Start importing Assets/kenney_coaster-kit/Models/OBJ format/coaster-flume-straight-skew-left.obj using Guid(bb73f4caeaa534c4d9386618410cccb2) Importer(815301076,1909f56bfc062723c751e8b465ee728b) [PhysX] Initialized MultithreadedTaskDispatcher with 12 workers.
[PhysX] Initialized MultithreadedTaskDispatcher with 12 workers.
[PhysX] Initialized MultithreadedTaskDispatcher with 12 workers.
[PhysX] Initialized MultithreadedTaskDispatcher with 12 workers.
[PhysX] Initialized MultithreadedTaskDispatcher with 12 workers.
 -> (artifact id: 'aa6dc64514937c0b40ab333b48d68c23') in 0.050535 seconds
Number of updated asset objects reloaded before import = 0
Number of asset objects unloaded after import = 11
========================================================================
Received Import Request.
  Time since last request: 0.445210 seconds.
  path: Assets/kenney_coaster-kit/Models/OBJ format/coaster-flume-track.obj
  artifactKey: Guid(3d51251c58e2dba4abc8b0d845b73f17) Importer(815301076,1909f56bfc062723c751e8b465ee728b)
Start importing Assets/kenney_coaster-kit/Models/OBJ format/coaster-flume-track.obj using Guid(3d51251c58e2dba4abc8b0d845b73f17) Importer(815301076,1909f56bfc062723c751e8b465ee728b) [PhysX] Initialized MultithreadedTaskDispatcher with 12 workers.
[PhysX] Initialized MultithreadedTaskDispatcher with 12 workers.
[PhysX] Initialized MultithreadedTaskDispatcher with 12 workers.
[PhysX] Initialized MultithreadedTaskDispatcher with 12 workers.
[PhysX] Initialized MultithreadedTaskDispatcher with 12 workers.
 -> (artifact id: '369f359800ade50c8bdd3b6862217c96') in 0.037596 seconds
Number of updated asset objects reloaded before import = 0
Number of asset objects unloaded after import = 11
========================================================================
Received Import Request.
  Time since last request: 0.366193 seconds.
  path: Assets/kenney_coaster-kit/Models/OBJ format/coaster-hanging-corner-large-ramp.obj
  artifactKey: Guid(fff10a8f6c9e1294688461c88b6a835e) Importer(815301076,1909f56bfc062723c751e8b465ee728b)
Start importing Assets/kenney_coaster-kit/Models/OBJ format/coaster-hanging-corner-large-ramp.obj using Guid(fff10a8f6c9e1294688461c88b6a835e) Importer(815301076,1909f56bfc062723c751e8b465ee728b) [PhysX] Initialized MultithreadedTaskDispatcher with 12 workers.
[PhysX] Initialized MultithreadedTaskDispatcher with 12 workers.
[PhysX] Initialized MultithreadedTaskDispatcher with 12 workers.
[PhysX] Initialized MultithreadedTaskDispatcher with 12 workers.
[PhysX] Initialized MultithreadedTaskDispatcher with 12 workers.
 -> (artifact id: '90023c95ce2b3745fa3169fce75d2783') in 0.037111 seconds
Number of updated asset objects reloaded before import = 0
Number of asset objects unloaded after import = 11
========================================================================
Received Import Request.
  Time since last request: 0.333952 seconds.
  path: Assets/kenney_coaster-kit/Models/OBJ format/coaster-hanging-looping.obj
  artifactKey: Guid(42d8433227062884388b9f5a3868cba6) Importer(815301076,1909f56bfc062723c751e8b465ee728b)
Start importing Assets/kenney_coaster-kit/Models/OBJ format/coaster-hanging-looping.obj using Guid(42d8433227062884388b9f5a3868cba6) Importer(815301076,1909f56bfc062723c751e8b465ee728b) [PhysX] Initialized MultithreadedTaskDispatcher with 12 workers.
[PhysX] Initialized MultithreadedTaskDispatcher with 12 workers.
[PhysX] Initialized MultithreadedTaskDispatcher with 12 workers.
[PhysX] Initialized MultithreadedTaskDispatcher with 12 workers.
[PhysX] Initialized MultithreadedTaskDispatcher with 12 workers.
 -> (artifact id: 'a406805efaa311029185523ae7e8d4d1') in 0.036851 seconds
Number of updated asset objects reloaded before import = 0
Number of asset objects unloaded after import = 11
========================================================================
Received Import Request.
  Time since last request: 0.003415 seconds.
  path: Assets/kenney_coaster-kit/Models/OBJ format/coaster-hanging-straight-bend-large.obj
  artifactKey: Guid(b0cd699ac997f564f9af0afdf4ccbda5) Importer(815301076,1909f56bfc062723c751e8b465ee728b)
Start importing Assets/kenney_coaster-kit/Models/OBJ format/coaster-hanging-straight-bend-large.obj using Guid(b0cd699ac997f564f9af0afdf4ccbda5) Importer(815301076,1909f56bfc062723c751e8b465ee728b) [PhysX] Initialized MultithreadedTaskDispatcher with 12 workers.
[PhysX] Initialized MultithreadedTaskDispatcher with 12 workers.
[PhysX] Initialized MultithreadedTaskDispatcher with 12 workers.
[PhysX] Initialized MultithreadedTaskDispatcher with 12 workers.
[PhysX] Initialized MultithreadedTaskDispatcher with 12 workers.
 -> (artifact id: 'e2bf686c69245a834994b938518288a2') in 0.033394 seconds
Number of updated asset objects reloaded before import = 0
Number of asset objects unloaded after import = 11
========================================================================
Received Import Request.
  Time since last request: 1.286245 seconds.
  path: Assets/kenney_coaster-kit/Models/OBJ format/coaster-hanging-straight-hill-complete.obj
  artifactKey: Guid(c82f7b065a624174fad530c408f4a2e0) Importer(815301076,1909f56bfc062723c751e8b465ee728b)
Start importing Assets/kenney_coaster-kit/Models/OBJ format/coaster-hanging-straight-hill-complete.obj using Guid(c82f7b065a624174fad530c408f4a2e0) Importer(815301076,1909f56bfc062723c751e8b465ee728b) [PhysX] Initialized MultithreadedTaskDispatcher with 12 workers.
[PhysX] Initialized MultithreadedTaskDispatcher with 12 workers.
[PhysX] Initialized MultithreadedTaskDispatcher with 12 workers.
[PhysX] Initialized MultithreadedTaskDispatcher with 12 workers.
[PhysX] Initialized MultithreadedTaskDispatcher with 12 workers.
 -> (artifact id: 'd2e3dca3bff591e53ac7ca3db7add9b5') in 0.037607 seconds
Number of updated asset objects reloaded before import = 0
Number of asset objects unloaded after import = 11
========================================================================
Received Import Request.
  Time since last request: 0.463032 seconds.
  path: Assets/kenney_coaster-kit/Models/OBJ format/coaster-hanging-straight-skew-left-side.obj
  artifactKey: Guid(321fe97554db1974c964fb2d0b3c88a9) Importer(815301076,1909f56bfc062723c751e8b465ee728b)
Start importing Assets/kenney_coaster-kit/Models/OBJ format/coaster-hanging-straight-skew-left-side.obj using Guid(321fe97554db1974c964fb2d0b3c88a9) Importer(815301076,1909f56bfc062723c751e8b465ee728b) [PhysX] Initialized MultithreadedTaskDispatcher with 12 workers.
[PhysX] Initialized MultithreadedTaskDispatcher with 12 workers.
[PhysX] Initialized MultithreadedTaskDispatcher with 12 workers.
[PhysX] Initialized MultithreadedTaskDispatcher with 12 workers.
[PhysX] Initialized MultithreadedTaskDispatcher with 12 workers.
 -> (artifact id: '8a26e6eda6814d768abfbf03d71f7984') in 0.042243 seconds
Number of updated asset objects reloaded before import = 0
Number of asset objects unloaded after import = 11
========================================================================
Received Import Request.
  Time since last request: 0.129542 seconds.
  path: Assets/kenney_coaster-kit/Models/OBJ format/coaster-monorail-cap-back.obj
  artifactKey: Guid(a4eadbb846c4efb4eb49d49b9122a8ba) Importer(815301076,1909f56bfc062723c751e8b465ee728b)
Start importing Assets/kenney_coaster-kit/Models/OBJ format/coaster-monorail-cap-back.obj using Guid(a4eadbb846c4efb4eb49d49b9122a8ba) Importer(815301076,1909f56bfc062723c751e8b465ee728b) [PhysX] Initialized MultithreadedTaskDispatcher with 12 workers.
[PhysX] Initialized MultithreadedTaskDispatcher with 12 workers.
[PhysX] Initialized MultithreadedTaskDispatcher with 12 workers.
[PhysX] Initialized MultithreadedTaskDispatcher with 12 workers.
[PhysX] Initialized MultithreadedTaskDispatcher with 12 workers.
 -> (artifact id: 'ae9690062caf366156dd297dc834acb2') in 0.037532 seconds
Number of updated asset objects reloaded before import = 0
Number of asset objects unloaded after import = 11
========================================================================
Received Import Request.
  Time since last request: 0.485685 seconds.
  path: Assets/kenney_coaster-kit/Models/OBJ format/coaster-monorail-corner-small.obj
  artifactKey: Guid(7f84b1099ea84d347af5ae3d6f5c1b61) Importer(815301076,1909f56bfc062723c751e8b465ee728b)
Start importing Assets/kenney_coaster-kit/Models/OBJ format/coaster-monorail-corner-small.obj using Guid(7f84b1099ea84d347af5ae3d6f5c1b61) Importer(815301076,1909f56bfc062723c751e8b465ee728b) [PhysX] Initialized MultithreadedTaskDispatcher with 12 workers.
[PhysX] Initialized MultithreadedTaskDispatcher with 12 workers.
[PhysX] Initialized MultithreadedTaskDispatcher with 12 workers.
[PhysX] Initialized MultithreadedTaskDispatcher with 12 workers.
[PhysX] Initialized MultithreadedTaskDispatcher with 12 workers.
 -> (artifact id: '768faa7dbeb343e3aad20825e72cecd9') in 0.038486 seconds
Number of updated asset objects reloaded before import = 0
Number of asset objects unloaded after import = 11
========================================================================
Received Import Request.
  Time since last request: 0.000033 seconds.
  path: Assets/kenney_coaster-kit/Models/OBJ format/coaster-monorail-looping.obj
  artifactKey: Guid(a7a8f68b0bfdc1a4bab654ef242bcb73) Importer(815301076,1909f56bfc062723c751e8b465ee728b)
Start importing Assets/kenney_coaster-kit/Models/OBJ format/coaster-monorail-looping.obj using Guid(a7a8f68b0bfdc1a4bab654ef242bcb73) Importer(815301076,1909f56bfc062723c751e8b465ee728b) [PhysX] Initialized MultithreadedTaskDispatcher with 12 workers.
[PhysX] Initialized MultithreadedTaskDispatcher with 12 workers.
[PhysX] Initialized MultithreadedTaskDispatcher with 12 workers.
[PhysX] Initialized MultithreadedTaskDispatcher with 12 workers.
[PhysX] Initialized MultithreadedTaskDispatcher with 12 workers.
 -> (artifact id: 'ad01940a4f0a1b0e8442e3e375ac65d1') in 0.033097 seconds
Number of updated asset objects reloaded before import = 0
Number of asset objects unloaded after import = 11
========================================================================
Received Import Request.
  Time since last request: 0.328548 seconds.
  path: Assets/kenney_coaster-kit/Models/OBJ format/coaster-monorail-straight-bump-down.obj
  artifactKey: Guid(348dc68c3a5d9ff469068c2ea4dd15a1) Importer(815301076,1909f56bfc062723c751e8b465ee728b)
Start importing Assets/kenney_coaster-kit/Models/OBJ format/coaster-monorail-straight-bump-down.obj using Guid(348dc68c3a5d9ff469068c2ea4dd15a1) Importer(815301076,1909f56bfc062723c751e8b465ee728b) [PhysX] Initialized MultithreadedTaskDispatcher with 12 workers.
[PhysX] Initialized MultithreadedTaskDispatcher with 12 workers.
[PhysX] Initialized MultithreadedTaskDispatcher with 12 workers.
[PhysX] Initialized MultithreadedTaskDispatcher with 12 workers.
[PhysX] Initialized MultithreadedTaskDispatcher with 12 workers.
 -> (artifact id: '553f7bebd5f12d2c56413e52fc30d2f7') in 0.049020 seconds
Number of updated asset objects reloaded before import = 0
Number of asset objects unloaded after import = 11
========================================================================
Received Import Request.
  Time since last request: 0.276487 seconds.
  path: Assets/kenney_coaster-kit/Models/OBJ format/coaster-monorail-straight-hill-complete-half.obj
  artifactKey: Guid(fe02e376d3787f6469b5afd734581442) Importer(815301076,1909f56bfc062723c751e8b465ee728b)
Start importing Assets/kenney_coaster-kit/Models/OBJ format/coaster-monorail-straight-hill-complete-half.obj using Guid(fe02e376d3787f6469b5afd734581442) Importer(815301076,1909f56bfc062723c751e8b465ee728b) [PhysX] Initialized MultithreadedTaskDispatcher with 12 workers.
[PhysX] Initialized MultithreadedTaskDispatcher with 12 workers.
[PhysX] Initialized MultithreadedTaskDispatcher with 12 workers.
[PhysX] Initialized MultithreadedTaskDispatcher with 12 workers.
[PhysX] Initialized MultithreadedTaskDispatcher with 12 workers.
 -> (artifact id: '0e19fbd9fa04aec40f1361b959af5bf8') in 0.045833 seconds
Number of updated asset objects reloaded before import = 0
Number of asset objects unloaded after import = 11
========================================================================
Received Import Request.
  Time since last request: 0.584859 seconds.
  path: Assets/kenney_coaster-kit/Models/OBJ format/coaster-monorail-straight-skew-right.obj
  artifactKey: Guid(64286aeef9acc444ba48ff4b65b236ea) Importer(815301076,1909f56bfc062723c751e8b465ee728b)
Start importing Assets/kenney_coaster-kit/Models/OBJ format/coaster-monorail-straight-skew-right.obj using Guid(64286aeef9acc444ba48ff4b65b236ea) Importer(815301076,1909f56bfc062723c751e8b465ee728b) [PhysX] Initialized MultithreadedTaskDispatcher with 12 workers.
[PhysX] Initialized MultithreadedTaskDispatcher with 12 workers.
[PhysX] Initialized MultithreadedTaskDispatcher with 12 workers.
[PhysX] Initialized MultithreadedTaskDispatcher with 12 workers.
[PhysX] Initialized MultithreadedTaskDispatcher with 12 workers.
 -> (artifact id: 'f92acd5bc7ed3eebe66d74794e9bd216') in 0.038583 seconds
Number of updated asset objects reloaded before import = 0
Number of asset objects unloaded after import = 11
========================================================================
Received Import Request.
  Time since last request: 0.363595 seconds.
  path: Assets/kenney_coaster-kit/Models/OBJ format/coaster-mouse-cap-front.obj
  artifactKey: Guid(5267d4891a0ec914d97c119af6287f99) Importer(815301076,1909f56bfc062723c751e8b465ee728b)
Start importing Assets/kenney_coaster-kit/Models/OBJ format/coaster-mouse-cap-front.obj using Guid(5267d4891a0ec914d97c119af6287f99) Importer(815301076,1909f56bfc062723c751e8b465ee728b) [PhysX] Initialized MultithreadedTaskDispatcher with 12 workers.
[PhysX] Initialized MultithreadedTaskDispatcher with 12 workers.
[PhysX] Initialized MultithreadedTaskDispatcher with 12 workers.
[PhysX] Initialized MultithreadedTaskDispatcher with 12 workers.
[PhysX] Initialized MultithreadedTaskDispatcher with 12 workers.
 -> (artifact id: 'c258cce6369a261ef17503ea1753f04a') in 0.049815 seconds
Number of updated asset objects reloaded before import = 0
Number of asset objects unloaded after import = 11
========================================================================
Received Import Request.
  Time since last request: 0.344453 seconds.
  path: Assets/kenney_coaster-kit/Models/OBJ format/coaster-mouse-corner-small-ramp.obj
  artifactKey: Guid(d141ef6b53ff8ff4c958ec6b8deb6055) Importer(815301076,1909f56bfc062723c751e8b465ee728b)
Start importing Assets/kenney_coaster-kit/Models/OBJ format/coaster-mouse-corner-small-ramp.obj using Guid(d141ef6b53ff8ff4c958ec6b8deb6055) Importer(815301076,1909f56bfc062723c751e8b465ee728b) [PhysX] Initialized MultithreadedTaskDispatcher with 12 workers.
[PhysX] Initialized MultithreadedTaskDispatcher with 12 workers.
[PhysX] Initialized MultithreadedTaskDispatcher with 12 workers.
[PhysX] Initialized MultithreadedTaskDispatcher with 12 workers.
[PhysX] Initialized MultithreadedTaskDispatcher with 12 workers.
 -> (artifact id: '668983f44c03a5ad1c5ba65e6f326cf5') in 0.038099 seconds
Number of updated asset objects reloaded before import = 0
Number of asset objects unloaded after import = 11
========================================================================
Received Import Request.
  Time since last request: 0.479952 seconds.
  path: Assets/kenney_coaster-kit/Models/OBJ format/coaster-mouse-straight.obj
  artifactKey: Guid(1fd61846e4193124daa0bd8f8af98939) Importer(815301076,1909f56bfc062723c751e8b465ee728b)
Start importing Assets/kenney_coaster-kit/Models/OBJ format/coaster-mouse-straight.obj using Guid(1fd61846e4193124daa0bd8f8af98939) Importer(815301076,1909f56bfc062723c751e8b465ee728b) [PhysX] Initialized MultithreadedTaskDispatcher with 12 workers.
[PhysX] Initialized MultithreadedTaskDispatcher with 12 workers.
[PhysX] Initialized MultithreadedTaskDispatcher with 12 workers.
[PhysX] Initialized MultithreadedTaskDispatcher with 12 workers.
[PhysX] Initialized MultithreadedTaskDispatcher with 12 workers.
 -> (artifact id: '66dda966f5c31ee95724991c8dad66b0') in 0.041816 seconds
Number of updated asset objects reloaded before import = 0
Number of asset objects unloaded after import = 11
========================================================================
Received Import Request.
  Time since last request: 0.447171 seconds.
  path: Assets/kenney_coaster-kit/Models/OBJ format/coaster-mouse-straight-bump-up.obj
  artifactKey: Guid(676da3aed1d69e745b8119e0b0e4308a) Importer(815301076,1909f56bfc062723c751e8b465ee728b)
Start importing Assets/kenney_coaster-kit/Models/OBJ format/coaster-mouse-straight-bump-up.obj using Guid(676da3aed1d69e745b8119e0b0e4308a) Importer(815301076,1909f56bfc062723c751e8b465ee728b) [PhysX] Initialized MultithreadedTaskDispatcher with 12 workers.
[PhysX] Initialized MultithreadedTaskDispatcher with 12 workers.
[PhysX] Initialized MultithreadedTaskDispatcher with 12 workers.
[PhysX] Initialized MultithreadedTaskDispatcher with 12 workers.
[PhysX] Initialized MultithreadedTaskDispatcher with 12 workers.
 -> (artifact id: '4eec689392fb3ada51b5924f3fdd40a7') in 0.037770 seconds
Number of updated asset objects reloaded before import = 0
Number of asset objects unloaded after import = 11
========================================================================
Received Import Request.
  Time since last request: 0.000030 seconds.
  path: Assets/kenney_coaster-kit/Models/OBJ format/coaster-mouse-straight-hill-end.obj
  artifactKey: Guid(3286cab0beac5a24c9d8ed1dc98544ba) Importer(815301076,1909f56bfc062723c751e8b465ee728b)
Start importing Assets/kenney_coaster-kit/Models/OBJ format/coaster-mouse-straight-hill-end.obj using Guid(3286cab0beac5a24c9d8ed1dc98544ba) Importer(815301076,1909f56bfc062723c751e8b465ee728b) [PhysX] Initialized MultithreadedTaskDispatcher with 12 workers.
[PhysX] Initialized MultithreadedTaskDispatcher with 12 workers.
[PhysX] Initialized MultithreadedTaskDispatcher with 12 workers.
[PhysX] Initialized MultithreadedTaskDispatcher with 12 workers.
[PhysX] Initialized MultithreadedTaskDispatcher with 12 workers.
 -> (artifact id: '9ae9a5b042e18498f5b7918371173647') in 0.033101 seconds
Number of updated asset objects reloaded before import = 0
Number of asset objects unloaded after import = 11
========================================================================
Received Import Request.
  Time since last request: 0.260829 seconds.
  path: Assets/kenney_coaster-kit/Models/OBJ format/coaster-mouse-straight-skew-right-side.obj
  artifactKey: Guid(1ae4e39c8b6db664990368b1a7bbf2bd) Importer(815301076,1909f56bfc062723c751e8b465ee728b)
Start importing Assets/kenney_coaster-kit/Models/OBJ format/coaster-mouse-straight-skew-right-side.obj using Guid(1ae4e39c8b6db664990368b1a7bbf2bd) Importer(815301076,1909f56bfc062723c751e8b465ee728b) [PhysX] Initialized MultithreadedTaskDispatcher with 12 workers.
[PhysX] Initialized MultithreadedTaskDispatcher with 12 workers.
[PhysX] Initialized MultithreadedTaskDispatcher with 12 workers.
[PhysX] Initialized MultithreadedTaskDispatcher with 12 workers.
[PhysX] Initialized MultithreadedTaskDispatcher with 12 workers.
 -> (artifact id: '2441e405b6a2ff504613e67db7acdecb') in 0.036353 seconds
Number of updated asset objects reloaded before import = 0
Number of asset objects unloaded after import = 11
========================================================================
Received Import Request.
  Time since last request: 0.313493 seconds.
  path: Assets/kenney_coaster-kit/Models/OBJ format/coaster-steel-corner-large.obj
  artifactKey: Guid(b657d0164fae983489f879e4c0f8ff03) Importer(815301076,1909f56bfc062723c751e8b465ee728b)
Start importing Assets/kenney_coaster-kit/Models/OBJ format/coaster-steel-corner-large.obj using Guid(b657d0164fae983489f879e4c0f8ff03) Importer(815301076,1909f56bfc062723c751e8b465ee728b) [PhysX] Initialized MultithreadedTaskDispatcher with 12 workers.
[PhysX] Initialized MultithreadedTaskDispatcher with 12 workers.
[PhysX] Initialized MultithreadedTaskDispatcher with 12 workers.
[PhysX] Initialized MultithreadedTaskDispatcher with 12 workers.
[PhysX] Initialized MultithreadedTaskDispatcher with 12 workers.
 -> (artifact id: 'f96af604944aaf2e814dc62726eaa62c') in 0.041932 seconds
Number of updated asset objects reloaded before import = 0
Number of asset objects unloaded after import = 11
========================================================================
Received Import Request.
  Time since last request: 0.029708 seconds.
  path: Assets/kenney_coaster-kit/Models/OBJ format/coaster-steel-curve.obj
  artifactKey: Guid(169a7d36e6421614a996a6777f865605) Importer(815301076,1909f56bfc062723c751e8b465ee728b)
Start importing Assets/kenney_coaster-kit/Models/OBJ format/coaster-steel-curve.obj using Guid(169a7d36e6421614a996a6777f865605) Importer(815301076,1909f56bfc062723c751e8b465ee728b) [PhysX] Initialized MultithreadedTaskDispatcher with 12 workers.
[PhysX] Initialized MultithreadedTaskDispatcher with 12 workers.
[PhysX] Initialized MultithreadedTaskDispatcher with 12 workers.
[PhysX] Initialized MultithreadedTaskDispatcher with 12 workers.
[PhysX] Initialized MultithreadedTaskDispatcher with 12 workers.
 -> (artifact id: 'affe255dc6d6665697d780a8345e058c') in 0.032860 seconds
Number of updated asset objects reloaded before import = 0
Number of asset objects unloaded after import = 11
========================================================================
Received Import Request.
  Time since last request: 0.337033 seconds.
  path: Assets/kenney_coaster-kit/Models/OBJ format/coaster-steel-straight-bend.obj
  artifactKey: Guid(9851d5206cbd6c64a91f40fe15e6e82b) Importer(815301076,1909f56bfc062723c751e8b465ee728b)
Start importing Assets/kenney_coaster-kit/Models/OBJ format/coaster-steel-straight-bend.obj using Guid(9851d5206cbd6c64a91f40fe15e6e82b) Importer(815301076,1909f56bfc062723c751e8b465ee728b) [PhysX] Initialized MultithreadedTaskDispatcher with 12 workers.
[PhysX] Initialized MultithreadedTaskDispatcher with 12 workers.
[PhysX] Initialized MultithreadedTaskDispatcher with 12 workers.
[PhysX] Initialized MultithreadedTaskDispatcher with 12 workers.
[PhysX] Initialized MultithreadedTaskDispatcher with 12 workers.
 -> (artifact id: '490c161a4362262708fd9daa81c13674') in 0.036786 seconds
Number of updated asset objects reloaded before import = 0
Number of asset objects unloaded after import = 11
========================================================================
Received Import Request.
  Time since last request: 0.281258 seconds.
  path: Assets/kenney_coaster-kit/Models/OBJ format/coaster-steel-straight-hill-beginning.obj
  artifactKey: Guid(05dc45a678d2cbb4d900499793028455) Importer(815301076,1909f56bfc062723c751e8b465ee728b)
Start importing Assets/kenney_coaster-kit/Models/OBJ format/coaster-steel-straight-hill-beginning.obj using Guid(05dc45a678d2cbb4d900499793028455) Importer(815301076,1909f56bfc062723c751e8b465ee728b) [PhysX] Initialized MultithreadedTaskDispatcher with 12 workers.
[PhysX] Initialized MultithreadedTaskDispatcher with 12 workers.
[PhysX] Initialized MultithreadedTaskDispatcher with 12 workers.
[PhysX] Initialized MultithreadedTaskDispatcher with 12 workers.
[PhysX] Initialized MultithreadedTaskDispatcher with 12 workers.
 -> (artifact id: 'a71842db7ece1673839da8fa83d8065d') in 0.037012 seconds
Number of updated asset objects reloaded before import = 0
Number of asset objects unloaded after import = 11
========================================================================
Received Import Request.
  Time since last request: 0.305657 seconds.
  path: Assets/kenney_coaster-kit/Models/OBJ format/coaster-steel-straight-skew-left.obj
  artifactKey: Guid(8684ae5fd93a762489ebd913d43a200f) Importer(815301076,1909f56bfc062723c751e8b465ee728b)
Start importing Assets/kenney_coaster-kit/Models/OBJ format/coaster-steel-straight-skew-left.obj using Guid(8684ae5fd93a762489ebd913d43a200f) Importer(815301076,1909f56bfc062723c751e8b465ee728b) [PhysX] Initialized MultithreadedTaskDispatcher with 12 workers.
[PhysX] Initialized MultithreadedTaskDispatcher with 12 workers.
[PhysX] Initialized MultithreadedTaskDispatcher with 12 workers.
[PhysX] Initialized MultithreadedTaskDispatcher with 12 workers.
[PhysX] Initialized MultithreadedTaskDispatcher with 12 workers.
 -> (artifact id: 'f604cfe9885a56a2c88326d1cf8f1e15') in 0.041363 seconds
Number of updated asset objects reloaded before import = 0
Number of asset objects unloaded after import = 11
========================================================================
Received Import Request.
  Time since last request: 0.025002 seconds.
  path: Assets/kenney_coaster-kit/Models/OBJ format/coaster-steel-track.obj
  artifactKey: Guid(e2c42ed1419d8dd42a8aa77f246e4147) Importer(815301076,1909f56bfc062723c751e8b465ee728b)
Start importing Assets/kenney_coaster-kit/Models/OBJ format/coaster-steel-track.obj using Guid(e2c42ed1419d8dd42a8aa77f246e4147) Importer(815301076,1909f56bfc062723c751e8b465ee728b) [PhysX] Initialized MultithreadedTaskDispatcher with 12 workers.
[PhysX] Initialized MultithreadedTaskDispatcher with 12 workers.
[PhysX] Initialized MultithreadedTaskDispatcher with 12 workers.
[PhysX] Initialized MultithreadedTaskDispatcher with 12 workers.
[PhysX] Initialized MultithreadedTaskDispatcher with 12 workers.
 -> (artifact id: 'd95968ffab12c43287076291493847bf') in 0.035165 seconds
Number of updated asset objects reloaded before import = 0
Number of asset objects unloaded after import = 11
========================================================================
Received Import Request.
  Time since last request: 0.321820 seconds.
  path: Assets/kenney_coaster-kit/Models/OBJ format/coaster-train-safety.obj
  artifactKey: Guid(b345978c766e72f41bafd67a3b91e2bd) Importer(815301076,1909f56bfc062723c751e8b465ee728b)
Start importing Assets/kenney_coaster-kit/Models/OBJ format/coaster-train-safety.obj using Guid(b345978c766e72f41bafd67a3b91e2bd) Importer(815301076,1909f56bfc062723c751e8b465ee728b) [PhysX] Initialized MultithreadedTaskDispatcher with 12 workers.
[PhysX] Initialized MultithreadedTaskDispatcher with 12 workers.
[PhysX] Initialized MultithreadedTaskDispatcher with 12 workers.
[PhysX] Initialized MultithreadedTaskDispatcher with 12 workers.
[PhysX] Initialized MultithreadedTaskDispatcher with 12 workers.
 -> (artifact id: '10757803d28157dd7b1cf35b0cb5451f') in 0.037740 seconds
Number of updated asset objects reloaded before import = 0
Number of asset objects unloaded after import = 11
========================================================================
Received Import Request.
  Time since last request: 0.284899 seconds.
  path: Assets/kenney_coaster-kit/Models/OBJ format/coaster-wood-corner-small.obj
  artifactKey: Guid(2f75b8f38e568de4182470d3d80c72ec) Importer(815301076,1909f56bfc062723c751e8b465ee728b)
Start importing Assets/kenney_coaster-kit/Models/OBJ format/coaster-wood-corner-small.obj using Guid(2f75b8f38e568de4182470d3d80c72ec) Importer(815301076,1909f56bfc062723c751e8b465ee728b) [PhysX] Initialized MultithreadedTaskDispatcher with 12 workers.
[PhysX] Initialized MultithreadedTaskDispatcher with 12 workers.
[PhysX] Initialized MultithreadedTaskDispatcher with 12 workers.
[PhysX] Initialized MultithreadedTaskDispatcher with 12 workers.
[PhysX] Initialized MultithreadedTaskDispatcher with 12 workers.
 -> (artifact id: 'c49e7510e60ef58bd68acc3bdc43115a') in 0.035474 seconds
Number of updated asset objects reloaded before import = 0
Number of asset objects unloaded after import = 11
========================================================================
Received Import Request.
  Time since last request: 0.308713 seconds.
  path: Assets/kenney_coaster-kit/Models/OBJ format/coaster-wood-segment.obj
  artifactKey: Guid(69f5a1963717d3044bdefcce061703dd) Importer(815301076,1909f56bfc062723c751e8b465ee728b)
Start importing Assets/kenney_coaster-kit/Models/OBJ format/coaster-wood-segment.obj using Guid(69f5a1963717d3044bdefcce061703dd) Importer(815301076,1909f56bfc062723c751e8b465ee728b) [PhysX] Initialized MultithreadedTaskDispatcher with 12 workers.
[PhysX] Initialized MultithreadedTaskDispatcher with 12 workers.
[PhysX] Initialized MultithreadedTaskDispatcher with 12 workers.
[PhysX] Initialized MultithreadedTaskDispatcher with 12 workers.
[PhysX] Initialized MultithreadedTaskDispatcher with 12 workers.
 -> (artifact id: '4799d3ac2f087704fb9070ace769ac34') in 0.049248 seconds
Number of updated asset objects reloaded before import = 0
Number of asset objects unloaded after import = 11
========================================================================
Received Import Request.
  Time since last request: 0.533087 seconds.
  path: Assets/kenney_coaster-kit/Models/OBJ format/coaster-wood-straight-bump-down.obj
  artifactKey: Guid(68a630da757d6784a971c71d8b535c43) Importer(815301076,1909f56bfc062723c751e8b465ee728b)
Start importing Assets/kenney_coaster-kit/Models/OBJ format/coaster-wood-straight-bump-down.obj using Guid(68a630da757d6784a971c71d8b535c43) Importer(815301076,1909f56bfc062723c751e8b465ee728b) [PhysX] Initialized MultithreadedTaskDispatcher with 12 workers.
[PhysX] Initialized MultithreadedTaskDispatcher with 12 workers.
[PhysX] Initialized MultithreadedTaskDispatcher with 12 workers.
[PhysX] Initialized MultithreadedTaskDispatcher with 12 workers.
[PhysX] Initialized MultithreadedTaskDispatcher with 12 workers.
 -> (artifact id: 'd2f51b135e0451f3bd255ebe302985a2') in 0.037553 seconds
Number of updated asset objects reloaded before import = 0
Number of asset objects unloaded after import = 11
========================================================================
Received Import Request.
  Time since last request: 1.692244 seconds.
  path: Assets/kenney_coaster-kit/Models/OBJ format/coaster-wood-straight-hill-complete-half.obj
  artifactKey: Guid(293c70e9dcb23114a8b01aace9ae8303) Importer(815301076,1909f56bfc062723c751e8b465ee728b)
Start importing Assets/kenney_coaster-kit/Models/OBJ format/coaster-wood-straight-hill-complete-half.obj using Guid(293c70e9dcb23114a8b01aace9ae8303) Importer(815301076,1909f56bfc062723c751e8b465ee728b) [PhysX] Initialized MultithreadedTaskDispatcher with 12 workers.
[PhysX] Initialized MultithreadedTaskDispatcher with 12 workers.
[PhysX] Initialized MultithreadedTaskDispatcher with 12 workers.
[PhysX] Initialized MultithreadedTaskDispatcher with 12 workers.
[PhysX] Initialized MultithreadedTaskDispatcher with 12 workers.
 -> (artifact id: '87ba71ef0d79d7e83b25862edc6dd0df') in 0.040051 seconds
Number of updated asset objects reloaded before import = 0
Number of asset objects unloaded after import = 11
========================================================================
Received Import Request.
  Time since last request: 1.756249 seconds.
  path: Assets/kenney_coaster-kit/Models/OBJ format/coaster-wood-straight-skew-right.obj
  artifactKey: Guid(580a6d53bb6d1824282f648a7e1dec25) Importer(815301076,1909f56bfc062723c751e8b465ee728b)
Start importing Assets/kenney_coaster-kit/Models/OBJ format/coaster-wood-straight-skew-right.obj using Guid(580a6d53bb6d1824282f648a7e1dec25) Importer(815301076,1909f56bfc062723c751e8b465ee728b) [PhysX] Initialized MultithreadedTaskDispatcher with 12 workers.
[PhysX] Initialized MultithreadedTaskDispatcher with 12 workers.
[PhysX] Initialized MultithreadedTaskDispatcher with 12 workers.
[PhysX] Initialized MultithreadedTaskDispatcher with 12 workers.
[PhysX] Initialized MultithreadedTaskDispatcher with 12 workers.
 -> (artifact id: 'cbeb67cc1f4b6682852f0c60a9f1a154') in 0.036234 seconds
Number of updated asset objects reloaded before import = 0
Number of asset objects unloaded after import = 11
========================================================================
Received Import Request.
  Time since last request: 0.481078 seconds.
  path: Assets/kenney_coaster-kit/Models/OBJ format/grass.obj
  artifactKey: Guid(641836a73e2e4e640958baa50ccaf555) Importer(815301076,1909f56bfc062723c751e8b465ee728b)
Start importing Assets/kenney_coaster-kit/Models/OBJ format/grass.obj using Guid(641836a73e2e4e640958baa50ccaf555) Importer(815301076,1909f56bfc062723c751e8b465ee728b) [PhysX] Initialized MultithreadedTaskDispatcher with 12 workers.
[PhysX] Initialized MultithreadedTaskDispatcher with 12 workers.
[PhysX] Initialized MultithreadedTaskDispatcher with 12 workers.
[PhysX] Initialized MultithreadedTaskDispatcher with 12 workers.
[PhysX] Initialized MultithreadedTaskDispatcher with 12 workers.
 -> (artifact id: 'd1e37c206e7333104c068a9090d11369') in 0.037345 seconds
Number of updated asset objects reloaded before import = 0
Number of asset objects unloaded after import = 11
========================================================================
Received Import Request.
  Time since last request: 0.353054 seconds.
  path: Assets/kenney_coaster-kit/Models/OBJ format/path-exit.obj
  artifactKey: Guid(d732bff73249e3e48afdc0092d241c51) Importer(815301076,1909f56bfc062723c751e8b465ee728b)
Start importing Assets/kenney_coaster-kit/Models/OBJ format/path-exit.obj using Guid(d732bff73249e3e48afdc0092d241c51) Importer(815301076,1909f56bfc062723c751e8b465ee728b) [PhysX] Initialized MultithreadedTaskDispatcher with 12 workers.
[PhysX] Initialized MultithreadedTaskDispatcher with 12 workers.
[PhysX] Initialized MultithreadedTaskDispatcher with 12 workers.
[PhysX] Initialized MultithreadedTaskDispatcher with 12 workers.
[PhysX] Initialized MultithreadedTaskDispatcher with 12 workers.
 -> (artifact id: 'c35c8a3d1c020484b64a4bb6152b2199') in 0.035227 seconds
Number of updated asset objects reloaded before import = 0
Number of asset objects unloaded after import = 11
========================================================================
Received Import Request.
  Time since last request: 0.285971 seconds.
  path: Assets/kenney_coaster-kit/Models/OBJ format/queue-corner.obj
  artifactKey: Guid(2ebdeb95833d06346a6578b0864c2537) Importer(815301076,1909f56bfc062723c751e8b465ee728b)
Start importing Assets/kenney_coaster-kit/Models/OBJ format/queue-corner.obj using Guid(2ebdeb95833d06346a6578b0864c2537) Importer(815301076,1909f56bfc062723c751e8b465ee728b) [PhysX] Initialized MultithreadedTaskDispatcher with 12 workers.
[PhysX] Initialized MultithreadedTaskDispatcher with 12 workers.
[PhysX] Initialized MultithreadedTaskDispatcher with 12 workers.
[PhysX] Initialized MultithreadedTaskDispatcher with 12 workers.
[PhysX] Initialized MultithreadedTaskDispatcher with 12 workers.
 -> (artifact id: '82d4df8bdc4fba0576a6b0a7c011a258') in 0.037475 seconds
Number of updated asset objects reloaded before import = 0
Number of asset objects unloaded after import = 11
========================================================================
Received Import Request.
  Time since last request: 0.002005 seconds.
  path: Assets/kenney_coaster-kit/Models/OBJ format/queue-steps.obj
  artifactKey: Guid(dbe265a1f67131d47a4ff0b3e630f990) Importer(815301076,1909f56bfc062723c751e8b465ee728b)
Start importing Assets/kenney_coaster-kit/Models/OBJ format/queue-steps.obj using Guid(dbe265a1f67131d47a4ff0b3e630f990) Importer(815301076,1909f56bfc062723c751e8b465ee728b) [PhysX] Initialized MultithreadedTaskDispatcher with 12 workers.
[PhysX] Initialized MultithreadedTaskDispatcher with 12 workers.
[PhysX] Initialized MultithreadedTaskDispatcher with 12 workers.
[PhysX] Initialized MultithreadedTaskDispatcher with 12 workers.
[PhysX] Initialized MultithreadedTaskDispatcher with 12 workers.
 -> (artifact id: 'd22a167b38412cd03dfe05abe0380d86') in 0.033488 seconds
Number of updated asset objects reloaded before import = 0
Number of asset objects unloaded after import = 11
========================================================================
Received Import Request.
  Time since last request: 0.497325 seconds.
  path: Assets/kenney_coaster-kit/Models/OBJ format/stall-drinks.obj
  artifactKey: Guid(dba18214449b69d4d968ce628f61be28) Importer(815301076,1909f56bfc062723c751e8b465ee728b)
Start importing Assets/kenney_coaster-kit/Models/OBJ format/stall-drinks.obj using Guid(dba18214449b69d4d968ce628f61be28) Importer(815301076,1909f56bfc062723c751e8b465ee728b) [PhysX] Initialized MultithreadedTaskDispatcher with 12 workers.
[PhysX] Initialized MultithreadedTaskDispatcher with 12 workers.
[PhysX] Initialized MultithreadedTaskDispatcher with 12 workers.
[PhysX] Initialized MultithreadedTaskDispatcher with 12 workers.
[PhysX] Initialized MultithreadedTaskDispatcher with 12 workers.
 -> (artifact id: 'e0fcd407d3121a7c55378b629e7459e5') in 0.035375 seconds
Number of updated asset objects reloaded before import = 0
Number of asset objects unloaded after import = 11
========================================================================
Received Import Request.
  Time since last request: 1.150306 seconds.
  path: Assets/kenney_coaster-kit/Models/OBJ format/station.obj
  artifactKey: Guid(c4d85f4bccebd5946a4a07712beb47a8) Importer(815301076,1909f56bfc062723c751e8b465ee728b)
Start importing Assets/kenney_coaster-kit/Models/OBJ format/station.obj using Guid(c4d85f4bccebd5946a4a07712beb47a8) Importer(815301076,1909f56bfc062723c751e8b465ee728b) [PhysX] Initialized MultithreadedTaskDispatcher with 12 workers.
[PhysX] Initialized MultithreadedTaskDispatcher with 12 workers.
[PhysX] Initialized MultithreadedTaskDispatcher with 12 workers.
[PhysX] Initialized MultithreadedTaskDispatcher with 12 workers.
[PhysX] Initialized MultithreadedTaskDispatcher with 12 workers.
 -> (artifact id: '25ed956e57e8197a54bbcf071d2e1960') in 0.035903 seconds
Number of updated asset objects reloaded before import = 0
Number of asset objects unloaded after import = 11
========================================================================
Received Import Request.
  Time since last request: 0.335681 seconds.
  path: Assets/kenney_coaster-kit/Models/OBJ format/support-large-bottom.obj
  artifactKey: Guid(9a7ec6ec9c92bcf4cbe834e633a94348) Importer(815301076,1909f56bfc062723c751e8b465ee728b)
Start importing Assets/kenney_coaster-kit/Models/OBJ format/support-large-bottom.obj using Guid(9a7ec6ec9c92bcf4cbe834e633a94348) Importer(815301076,1909f56bfc062723c751e8b465ee728b) [PhysX] Initialized MultithreadedTaskDispatcher with 12 workers.
[PhysX] Initialized MultithreadedTaskDispatcher with 12 workers.
[PhysX] Initialized MultithreadedTaskDispatcher with 12 workers.
[PhysX] Initialized MultithreadedTaskDispatcher with 12 workers.
[PhysX] Initialized MultithreadedTaskDispatcher with 12 workers.
 -> (artifact id: 'e301617c2e3184cb0386bbbb3be04a27') in 0.035437 seconds
Number of updated asset objects reloaded before import = 0
Number of asset objects unloaded after import = 11
========================================================================
Received Import Request.
  Time since last request: 0.791074 seconds.
  path: Assets/kenney_coaster-kit/Models/OBJ format/support-large-skew-bottom.obj
  artifactKey: Guid(8aeafc396e854df45b69a9a6bd95c015) Importer(815301076,1909f56bfc062723c751e8b465ee728b)
Start importing Assets/kenney_coaster-kit/Models/OBJ format/support-large-skew-bottom.obj using Guid(8aeafc396e854df45b69a9a6bd95c015) Importer(815301076,1909f56bfc062723c751e8b465ee728b) [PhysX] Initialized MultithreadedTaskDispatcher with 12 workers.
[PhysX] Initialized MultithreadedTaskDispatcher with 12 workers.
[PhysX] Initialized MultithreadedTaskDispatcher with 12 workers.
[PhysX] Initialized MultithreadedTaskDispatcher with 12 workers.
[PhysX] Initialized MultithreadedTaskDispatcher with 12 workers.
 -> (artifact id: 'ba4e4e1df23634f0d4e132f7a3d7c1df') in 0.035723 seconds
Number of updated asset objects reloaded before import = 0
Number of asset objects unloaded after import = 11
========================================================================
Received Import Request.
  Time since last request: 34.379589 seconds.
  path: Assets/kenney_coaster-kit/Models/FBX format/support-large-skew.fbx
  artifactKey: Guid(d264d0e24c3d9df4086b1c68e9b7114c) Importer(815301076,1909f56bfc062723c751e8b465ee728b)
Start importing Assets/kenney_coaster-kit/Models/FBX format/support-large-skew.fbx using Guid(d264d0e24c3d9df4086b1c68e9b7114c) Importer(815301076,1909f56bfc062723c751e8b465ee728b) [PhysX] Initialized MultithreadedTaskDispatcher with 12 workers.
[PhysX] Initialized MultithreadedTaskDispatcher with 12 workers.
[PhysX] Initialized MultithreadedTaskDispatcher with 12 workers.
[PhysX] Initialized MultithreadedTaskDispatcher with 12 workers.
 -> (artifact id: '3b6e04569b480a0762d7c13f4b5fd2cd') in 0.026676 seconds
Number of updated asset objects reloaded before import = 0
Number of asset objects unloaded after import = 9
========================================================================
Received Import Request.
  Time since last request: 0.000033 seconds.
  path: Assets/kenney_coaster-kit/Models/FBX format/tree-large.fbx
  artifactKey: Guid(6c0cc70e9042a8b49a3f7aaad3dee191) Importer(815301076,1909f56bfc062723c751e8b465ee728b)
Start importing Assets/kenney_coaster-kit/Models/FBX format/tree-large.fbx using Guid(6c0cc70e9042a8b49a3f7aaad3dee191) Importer(815301076,1909f56bfc062723c751e8b465ee728b) [PhysX] Initialized MultithreadedTaskDispatcher with 12 workers.
[PhysX] Initialized MultithreadedTaskDispatcher with 12 workers.
[PhysX] Initialized MultithreadedTaskDispatcher with 12 workers.
[PhysX] Initialized MultithreadedTaskDispatcher with 12 workers.
 -> (artifact id: '82a07ef6e9701b972bf8d76ee9182b85') in 0.033431 seconds
Number of updated asset objects reloaded before import = 0
Number of asset objects unloaded after import = 9
========================================================================
Received Import Request.
  Time since last request: 0.000051 seconds.
  path: Assets/kenney_coaster-kit/Models/FBX format/support-small-bottom.fbx
  artifactKey: Guid(e14be1fc54c5bb74aa130469b8490efb) Importer(815301076,1909f56bfc062723c751e8b465ee728b)
Start importing Assets/kenney_coaster-kit/Models/FBX format/support-small-bottom.fbx using Guid(e14be1fc54c5bb74aa130469b8490efb) Importer(815301076,1909f56bfc062723c751e8b465ee728b) [PhysX] Initialized MultithreadedTaskDispatcher with 12 workers.
[PhysX] Initialized MultithreadedTaskDispatcher with 12 workers.
[PhysX] Initialized MultithreadedTaskDispatcher with 12 workers.
[PhysX] Initialized MultithreadedTaskDispatcher with 12 workers.
 -> (artifact id: '2f56ad2b05578020faec4e941503bd70') in 0.028747 seconds
Number of updated asset objects reloaded before import = 0
Number of asset objects unloaded after import = 9
========================================================================
Received Import Request.
  Time since last request: 0.000056 seconds.
  path: Assets/kenney_coaster-kit/Models/FBX format/support-small-skew-bottom.fbx
  artifactKey: Guid(3f6c33dece96cdf4caf95aa3752b67ff) Importer(815301076,1909f56bfc062723c751e8b465ee728b)
Start importing Assets/kenney_coaster-kit/Models/FBX format/support-small-skew-bottom.fbx using Guid(3f6c33dece96cdf4caf95aa3752b67ff) Importer(815301076,1909f56bfc062723c751e8b465ee728b) [PhysX] Initialized MultithreadedTaskDispatcher with 12 workers.
[PhysX] Initialized MultithreadedTaskDispatcher with 12 workers.
[PhysX] Initialized MultithreadedTaskDispatcher with 12 workers.
[PhysX] Initialized MultithreadedTaskDispatcher with 12 workers.
 -> (artifact id: '1d90c7407a5d271cfead69bbb967e104') in 0.033168 seconds
Number of updated asset objects reloaded before import = 0
Number of asset objects unloaded after import = 9
Editor requested this worker to shutdown with reason: Scaling down because of idle timeout
TcpMessagingSession - receive error: operation aborted. errorcode: 995, details: Vstupn-vstupn operace byla peruena bu z dvodu ukonen vlkna, nebo na dost aplikace.
AssetImportWorker is now disconnected from the server
Process exiting
Exiting without the bug reporter. Application will terminate with return code 0