Using pre-set license
Built from '2022.3/staging' branch; Version is '2022.3.33f1 (b2c853adf198) revision 11716691'; Using compiler version '192829333'; Build Type 'Release'
OS: 'Windows 11  (10.0.26100) 64bit Professional' Language: 'cs' Physical Memory: 7530 MB
BatchMode: 1, IsHumanControllingUs: 0, StartBugReporterOnCrash: 0, Is64bit: 1, IsPro: 1

COMMAND LINE ARGUMENTS:
C:\Program Files\Unity\Hub\Editor\2022.3.33f1\Editor\Unity.exe
-adb2
-batchMode
-noUpm
-name
AssetImportWorker5
-projectPath
C:/Users/petrd/Documents/GitHub/PolyMage
-logFile
Logs/AssetImportWorker5.log
-srvPort
51256
Successfully changed project path to: C:/Users/petrd/Documents/GitHub/PolyMage
C:/Users/petrd/Documents/GitHub/PolyMage
[UnityMemory] Configuration Parameters - Can be set up in boot.config
    "memorysetup-bucket-allocator-granularity=16"
    "memorysetup-bucket-allocator-bucket-count=8"
    "memorysetup-bucket-allocator-block-size=33554432"
    "memorysetup-bucket-allocator-block-count=8"
    "memorysetup-main-allocator-block-size=16777216"
    "memorysetup-thread-allocator-block-size=16777216"
    "memorysetup-gfx-main-allocator-block-size=16777216"
    "memorysetup-gfx-thread-allocator-block-size=16777216"
    "memorysetup-cache-allocator-block-size=4194304"
    "memorysetup-typetree-allocator-block-size=2097152"
    "memorysetup-profiler-bucket-allocator-granularity=16"
    "memorysetup-profiler-bucket-allocator-bucket-count=8"
    "memorysetup-profiler-bucket-allocator-block-size=33554432"
    "memorysetup-profiler-bucket-allocator-block-count=8"
    "memorysetup-profiler-allocator-block-size=16777216"
    "memorysetup-profiler-editor-allocator-block-size=1048576"
    "memorysetup-temp-allocator-size-main=16777216"
    "memorysetup-job-temp-allocator-block-size=2097152"
    "memorysetup-job-temp-allocator-block-size-background=1048576"
    "memorysetup-job-temp-allocator-reduction-small-platforms=262144"
    "memorysetup-allocator-temp-initial-block-size-main=262144"
    "memorysetup-allocator-temp-initial-block-size-worker=262144"
    "memorysetup-temp-allocator-size-background-worker=32768"
    "memorysetup-temp-allocator-size-job-worker=262144"
    "memorysetup-temp-allocator-size-preload-manager=33554432"
    "memorysetup-temp-allocator-size-nav-mesh-worker=65536"
    "memorysetup-temp-allocator-size-audio-worker=65536"
    "memorysetup-temp-allocator-size-cloud-worker=32768"
    "memorysetup-temp-allocator-size-gi-baking-worker=262144"
    "memorysetup-temp-allocator-size-gfx=262144"
Player connection [7980] Host "[IP] 192.168.1.104 [Port] 0 [Flags] 2 [Guid] 3638056408 [EditorId] 3638056408 [Version] 1048832 [Id] WindowsEditor(7,Duny-Lenovo) [Debug] 1 [PackageName] WindowsEditor [ProjectName] Editor" joined multi-casting on [225.0.0.222:54997]...

Player connection [7980] Host "[IP] 192.168.1.104 [Port] 0 [Flags] 2 [Guid] 3638056408 [EditorId] 3638056408 [Version] 1048832 [Id] WindowsEditor(7,Duny-Lenovo) [Debug] 1 [PackageName] WindowsEditor [ProjectName] Editor" joined alternative multi-casting on [225.0.0.222:34997]...

[PhysX] Initialized MultithreadedTaskDispatcher with 12 workers.
Refreshing native plugins compatible for Editor in 61.59 ms, found 3 plugins.
Preloading 0 native plugins for Editor in 0.00 ms.
Initialize engine version: 2022.3.33f1 (b2c853adf198)
[Subsystems] Discovering subsystems at path C:/Program Files/Unity/Hub/Editor/2022.3.33f1/Editor/Data/Resources/UnitySubsystems
[Subsystems] Discovering subsystems at path C:/Users/petrd/Documents/GitHub/PolyMage/Assets
GfxDevice: creating device client; threaded=0; jobified=0
Direct3D:
    Version:  Direct3D 11.0 [level 11.1]
    Renderer: AMD Radeon(TM) Graphics (ID=0x164c)
    Vendor:   ATI
    VRAM:     3765 MB
    Driver:   31.0.21912.14
Initialize mono
Mono path[0] = 'C:/Program Files/Unity/Hub/Editor/2022.3.33f1/Editor/Data/Managed'
Mono path[1] = 'C:/Program Files/Unity/Hub/Editor/2022.3.33f1/Editor/Data/MonoBleedingEdge/lib/mono/unityjit-win32'
Mono config path = 'C:/Program Files/Unity/Hub/Editor/2022.3.33f1/Editor/Data/MonoBleedingEdge/etc'
Using monoOptions --debugger-agent=transport=dt_socket,embedding=1,server=y,suspend=n,address=127.0.0.1:56324
Begin MonoManager ReloadAssembly
Registering precompiled unity dll's ...
Register platform support module: C:/Program Files/Unity/Hub/Editor/2022.3.33f1/Editor/Data/PlaybackEngines/WindowsStandaloneSupport/UnityEditor.WindowsStandalone.Extensions.dll
Registered in 0.014552 seconds.
- Loaded All Assemblies, in  0.547 seconds
Native extension for WindowsStandalone target not found
Mono: successfully reloaded assembly
- Finished resetting the current domain, in  0.323 seconds
Domain Reload Profiling: 866ms
	BeginReloadAssembly (210ms)
		ExecutionOrderSort (0ms)
		DisableScriptedObjects (0ms)
		BackupInstance (0ms)
		ReleaseScriptingObjects (0ms)
		CreateAndSetChildDomain (1ms)
	RebuildCommonClasses (43ms)
	RebuildNativeTypeToScriptingClass (12ms)
	initialDomainReloadingComplete (83ms)
	LoadAllAssembliesAndSetupDomain (195ms)
		LoadAssemblies (204ms)
		RebuildTransferFunctionScriptingTraits (0ms)
		AnalyzeDomain (192ms)
			TypeCache.Refresh (190ms)
				TypeCache.ScanAssembly (171ms)
			ScanForSourceGeneratedMonoScriptInfo (1ms)
			ResolveRequiredComponents (1ms)
	FinalizeReload (323ms)
		ReleaseScriptCaches (0ms)
		RebuildScriptCaches (0ms)
		SetupLoadedEditorAssemblies (248ms)
			LogAssemblyErrors (0ms)
			InitializePlatformSupportModulesInManaged (15ms)
			SetLoadedEditorAssemblies (10ms)
			RefreshPlugins (0ms)
			BeforeProcessingInitializeOnLoad (3ms)
			ProcessInitializeOnLoadAttributes (168ms)
			ProcessInitializeOnLoadMethodAttributes (53ms)
			AfterProcessingInitializeOnLoad (0ms)
			EditorAssembliesLoaded (0ms)
		ExecutionOrderSort2 (0ms)
		AwakeInstancesAfterBackupRestoration (0ms)
========================================================================
Worker process is ready to serve import requests
Begin MonoManager ReloadAssembly
- Loaded All Assemblies, in  1.131 seconds
Refreshing native plugins compatible for Editor in 7.53 ms, found 3 plugins.
Native extension for WindowsStandalone target not found
System.Exception: Error! Visual Scripting: couldn't find visual scripting package
  at Unity.VisualScripting.PackageVersionUtility.get_version () [0x00043] in .\Library\PackageCache\com.unity.visualscripting@1.9.4\Editor\VisualScripting.Core\Utilities\PackageVersionUtility.cs:31 
  at Unity.VisualScripting.BoltCoreManifest.get_version () [0x00000] in .\Library\PackageCache\com.unity.visualscripting@1.9.4\Editor\VisualScripting.Core\Plugin\BoltCoreManifest.cs:11 
  at Unity.VisualScripting.PluginManifest.get_currentVersion () [0x00000] in .\Library\PackageCache\com.unity.visualscripting@1.9.4\Editor\VisualScripting.Core\Plugins\PluginManifest.cs:33 
  at Unity.VisualScripting.PluginManifest.get_versionMismatch () [0x00000] in .\Library\PackageCache\com.unity.visualscripting@1.9.4\Editor\VisualScripting.Core\Plugins\PluginManifest.cs:48 
  at Unity.VisualScripting.PluginContainer.Initialize () [0x00525] in .\Library\PackageCache\com.unity.visualscripting@1.9.4\Editor\VisualScripting.Core\Plugins\PluginContainer.cs:208 
  at Unity.VisualScripting.PluginContainer.InitializeOnLoad () [0x00009] in .\Library\PackageCache\com.unity.visualscripting@1.9.4\Editor\VisualScripting.Core\Plugins\PluginContainer.cs:32 
  at Unity.VisualScripting.VSUsageUtility.DoInitializeOnLoadCalls () [0x00034] in .\Library\PackageCache\com.unity.visualscripting@1.9.4\Editor\VisualScripting.Core\Utilities\VSUsageUtility.cs:76 
  at Unity.VisualScripting.VSUsageUtility.set_isVisualScriptingUsed (System.Boolean value) [0x0002c] in .\Library\PackageCache\com.unity.visualscripting@1.9.4\Editor\VisualScripting.Core\Utilities\VSUsageUtility.cs:114 
  at Unity.VisualScripting.VSUsageUtility.CheckAndSetIsVisualScriptingUsed () [0x00032] in .\Library\PackageCache\com.unity.visualscripting@1.9.4\Editor\VisualScripting.Core\Utilities\VSUsageUtility.cs:48 
  at Unity.VisualScripting.VSUsageUtility..cctor () [0x00000] in .\Library\PackageCache\com.unity.visualscripting@1.9.4\Editor\VisualScripting.Core\Utilities\VSUsageUtility.cs:22 
UnityEngine.StackTraceUtility:ExtractStackTrace ()
UnityEngine.DebugLogHandler:LogFormat (UnityEngine.LogType,UnityEngine.Object,string,object[])
UnityEngine.Logger:Log (UnityEngine.LogType,object)
UnityEngine.Debug:LogError (object)
UnityEditor.EditorAssemblies:ProcessInitializeOnLoadAttributes (System.Type[])

Package Manager log level set to [2]
[Package Manager] Server::EnsureServerProcessIsRunning -- launch failed, reason: Unity was launched with the -noUpm command-line argument
[Package Manager] UpmClient::Send -- Unable to send message (not connected to UPM process).
[Package Manager] Cannot connect to Unity Package Manager local server
Mono: successfully reloaded assembly
- Finished resetting the current domain, in  1.338 seconds
Domain Reload Profiling: 2462ms
	BeginReloadAssembly (162ms)
		ExecutionOrderSort (0ms)
		DisableScriptedObjects (5ms)
		BackupInstance (0ms)
		ReleaseScriptingObjects (0ms)
		CreateAndSetChildDomain (25ms)
	RebuildCommonClasses (37ms)
	RebuildNativeTypeToScriptingClass (11ms)
	initialDomainReloadingComplete (61ms)
	LoadAllAssembliesAndSetupDomain (853ms)
		LoadAssemblies (639ms)
		RebuildTransferFunctionScriptingTraits (0ms)
		AnalyzeDomain (307ms)
			TypeCache.Refresh (264ms)
				TypeCache.ScanAssembly (244ms)
			ScanForSourceGeneratedMonoScriptInfo (25ms)
			ResolveRequiredComponents (16ms)
	FinalizeReload (1338ms)
		ReleaseScriptCaches (0ms)
		RebuildScriptCaches (0ms)
		SetupLoadedEditorAssemblies (1165ms)
			LogAssemblyErrors (0ms)
			InitializePlatformSupportModulesInManaged (8ms)
			SetLoadedEditorAssemblies (6ms)
			RefreshPlugins (0ms)
			BeforeProcessingInitializeOnLoad (98ms)
			ProcessInitializeOnLoadAttributes (970ms)
			ProcessInitializeOnLoadMethodAttributes (70ms)
			AfterProcessingInitializeOnLoad (12ms)
			EditorAssembliesLoaded (0ms)
		ExecutionOrderSort2 (0ms)
		AwakeInstancesAfterBackupRestoration (7ms)
Launched and connected shader compiler UnityShaderCompiler.exe after 0.08 seconds
Refreshing native plugins compatible for Editor in 8.49 ms, found 3 plugins.
Preloading 0 native plugins for Editor in 0.00 ms.
Unloading 5240 Unused Serialized files (Serialized files now loaded: 0)
Unloading 72 unused Assets / (0.7 MB). Loaded Objects now: 5721.
Memory consumption went from 228.7 MB to 228.0 MB.
Total: 14.314100 ms (FindLiveObjects: 0.612300 ms CreateObjectMapping: 0.204300 ms MarkObjects: 12.973700 ms  DeleteObjects: 0.521300 ms)

AssetImportParameters requested are different than current active one (requested -> active):
  custom:container-demuxer-ogg: 62fdf1f143b41e24485cea50d1cbac27 -> 
  custom:video-decoder-ogg-theora: a1e56fd34408186e4bbccfd4996cb3dc -> 
  custom:framework-win-MediaFoundation: 216162199b28c13a410421893ffa2e32 -> 
  custom:CustomObjectIndexerAttribute: 72b91833f83ae208fae7752999fa3104 -> 
  custom:container-demuxer-webm: 4f35f7cbe854078d1ac9338744f61a02 -> 
  custom:container-muxer-webm: aa71ff27fc2769a1b78a27578f13a17b -> 
  custom:video-decoder-webm-vp8: 9c59270c3fd7afecdb556c50c9e8de78 -> 
  custom:SearchIndexIgnoredProperties: e643bd26f0fe6173181afceb89e7c659 -> 
  custom:AudioImporter_EditorPlatform: d09bf68614088b80899f8185d706f6e7 -> 
  custom:video-encoder-webm-vp8: eb34c28f22e8b96e1ab97ce403110664 -> 
  custom:audio-decoder-ogg-vorbis: bf7c407c2cedff20999df2af8eb42d56 -> 
  custom:audio-encoder-webm-vorbis: bf7c407c2cedff20999df2af8eb42d56 -> 
========================================================================
Received Import Request.
  Time since last request: 101801.687893 seconds.
  path: Assets/kenney_coaster-kit/Models/FBX format/queue-split.fbx
  artifactKey: Guid(52ba6b4e8255c974fbf2e9d686400096) Importer(815301076,1909f56bfc062723c751e8b465ee728b)
Start importing Assets/kenney_coaster-kit/Models/FBX format/queue-split.fbx using Guid(52ba6b4e8255c974fbf2e9d686400096) Importer(815301076,1909f56bfc062723c751e8b465ee728b) [PhysX] Initialized MultithreadedTaskDispatcher with 12 workers.
[PhysX] Initialized MultithreadedTaskDispatcher with 12 workers.
[PhysX] Initialized MultithreadedTaskDispatcher with 12 workers.
[PhysX] Initialized MultithreadedTaskDispatcher with 12 workers.
 -> (artifact id: '2e3d520394aa7bb2c5d0d12c6e984c38') in 0.240283 seconds
Number of updated asset objects reloaded before import = 0
Number of asset objects unloaded after import = 9
========================================================================
Received Import Request.
  Time since last request: 0.000058 seconds.
  path: Assets/kenney_coaster-kit/Models/FBX format/path-steps.fbx
  artifactKey: Guid(73cd855c7dc3015449729a4354df67a2) Importer(815301076,1909f56bfc062723c751e8b465ee728b)
Start importing Assets/kenney_coaster-kit/Models/FBX format/path-steps.fbx using Guid(73cd855c7dc3015449729a4354df67a2) Importer(815301076,1909f56bfc062723c751e8b465ee728b) [PhysX] Initialized MultithreadedTaskDispatcher with 12 workers.
[PhysX] Initialized MultithreadedTaskDispatcher with 12 workers.
[PhysX] Initialized MultithreadedTaskDispatcher with 12 workers.
[PhysX] Initialized MultithreadedTaskDispatcher with 12 workers.
 -> (artifact id: '31f3ad6cc4f33d6260c4e9c9b1cb7e3b') in 0.027880 seconds
Number of updated asset objects reloaded before import = 0
Number of asset objects unloaded after import = 9
========================================================================
Received Import Request.
  Time since last request: 0.467689 seconds.
  path: Assets/kenney_coaster-kit/Models/FBX format/coaster-wood-straight-skew-left-side.fbx
  artifactKey: Guid(eacceef80154dd34189ec487042f6944) Importer(815301076,1909f56bfc062723c751e8b465ee728b)
Start importing Assets/kenney_coaster-kit/Models/FBX format/coaster-wood-straight-skew-left-side.fbx using Guid(eacceef80154dd34189ec487042f6944) Importer(815301076,1909f56bfc062723c751e8b465ee728b) [PhysX] Initialized MultithreadedTaskDispatcher with 12 workers.
[PhysX] Initialized MultithreadedTaskDispatcher with 12 workers.
[PhysX] Initialized MultithreadedTaskDispatcher with 12 workers.
[PhysX] Initialized MultithreadedTaskDispatcher with 12 workers.
 -> (artifact id: '562c2aadb2f4feed3e0efed659ec1769') in 0.038375 seconds
Number of updated asset objects reloaded before import = 0
Number of asset objects unloaded after import = 9
========================================================================
Received Import Request.
  Time since last request: 0.000082 seconds.
  path: Assets/kenney_coaster-kit/Models/FBX format/flowers.fbx
  artifactKey: Guid(8f9bb1d3ee49c4a46ba2c89e716b5330) Importer(815301076,1909f56bfc062723c751e8b465ee728b)
Start importing Assets/kenney_coaster-kit/Models/FBX format/flowers.fbx using Guid(8f9bb1d3ee49c4a46ba2c89e716b5330) Importer(815301076,1909f56bfc062723c751e8b465ee728b) [PhysX] Initialized MultithreadedTaskDispatcher with 12 workers.
[PhysX] Initialized MultithreadedTaskDispatcher with 12 workers.
[PhysX] Initialized MultithreadedTaskDispatcher with 12 workers.
[PhysX] Initialized MultithreadedTaskDispatcher with 12 workers.
 -> (artifact id: '10f2a347c9f16f131d7f4e9e4d1f38b8') in 0.030575 seconds
Number of updated asset objects reloaded before import = 0
Number of asset objects unloaded after import = 9
========================================================================
Received Import Request.
  Time since last request: 2.394499 seconds.
  path: Assets/kenney_coaster-kit/Models/FBX format/coaster-wood-straight-bend-large.fbx
  artifactKey: Guid(2c50a1720809d7940ba3ae22f3d2cbc2) Importer(815301076,1909f56bfc062723c751e8b465ee728b)
Start importing Assets/kenney_coaster-kit/Models/FBX format/coaster-wood-straight-bend-large.fbx using Guid(2c50a1720809d7940ba3ae22f3d2cbc2) Importer(815301076,1909f56bfc062723c751e8b465ee728b) [PhysX] Initialized MultithreadedTaskDispatcher with 12 workers.
[PhysX] Initialized MultithreadedTaskDispatcher with 12 workers.
[PhysX] Initialized MultithreadedTaskDispatcher with 12 workers.
[PhysX] Initialized MultithreadedTaskDispatcher with 12 workers.
 -> (artifact id: 'd0fa61c0c56faf9c258bd6d4bfbccc9f') in 0.038125 seconds
Number of updated asset objects reloaded before import = 0
Number of asset objects unloaded after import = 9
========================================================================
Received Import Request.
  Time since last request: 0.000045 seconds.
  path: Assets/kenney_coaster-kit/Models/FBX format/coaster-wood-straight-bump-up.fbx
  artifactKey: Guid(62ce8abd66a4aee4ea4fe13ca9671d5a) Importer(815301076,1909f56bfc062723c751e8b465ee728b)
Start importing Assets/kenney_coaster-kit/Models/FBX format/coaster-wood-straight-bump-up.fbx using Guid(62ce8abd66a4aee4ea4fe13ca9671d5a) Importer(815301076,1909f56bfc062723c751e8b465ee728b) [PhysX] Initialized MultithreadedTaskDispatcher with 12 workers.
[PhysX] Initialized MultithreadedTaskDispatcher with 12 workers.
[PhysX] Initialized MultithreadedTaskDispatcher with 12 workers.
[PhysX] Initialized MultithreadedTaskDispatcher with 12 workers.
 -> (artifact id: '433f948718a4754451e0e9be58ff6728') in 0.031700 seconds
Number of updated asset objects reloaded before import = 0
Number of asset objects unloaded after import = 9
========================================================================
Received Import Request.
  Time since last request: 0.308875 seconds.
  path: Assets/kenney_coaster-kit/Models/FBX format/coaster-wood-corner-large-ramp.fbx
  artifactKey: Guid(61cc5fc18211eb947b49cf1a6b8671e3) Importer(815301076,1909f56bfc062723c751e8b465ee728b)
Start importing Assets/kenney_coaster-kit/Models/FBX format/coaster-wood-corner-large-ramp.fbx using Guid(61cc5fc18211eb947b49cf1a6b8671e3) Importer(815301076,1909f56bfc062723c751e8b465ee728b) [PhysX] Initialized MultithreadedTaskDispatcher with 12 workers.
[PhysX] Initialized MultithreadedTaskDispatcher with 12 workers.
[PhysX] Initialized MultithreadedTaskDispatcher with 12 workers.
[PhysX] Initialized MultithreadedTaskDispatcher with 12 workers.
 -> (artifact id: '025b4e3510f646c6c0aee82f9a947e84') in 0.025664 seconds
Number of updated asset objects reloaded before import = 0
Number of asset objects unloaded after import = 9
========================================================================
Received Import Request.
  Time since last request: 0.000039 seconds.
  path: Assets/kenney_coaster-kit/Models/FBX format/coaster-wood-looping.fbx
  artifactKey: Guid(6c06be0beb73c0f4cb9615fd388d58af) Importer(815301076,1909f56bfc062723c751e8b465ee728b)
Start importing Assets/kenney_coaster-kit/Models/FBX format/coaster-wood-looping.fbx using Guid(6c06be0beb73c0f4cb9615fd388d58af) Importer(815301076,1909f56bfc062723c751e8b465ee728b) [PhysX] Initialized MultithreadedTaskDispatcher with 12 workers.
[PhysX] Initialized MultithreadedTaskDispatcher with 12 workers.
[PhysX] Initialized MultithreadedTaskDispatcher with 12 workers.
[PhysX] Initialized MultithreadedTaskDispatcher with 12 workers.
 -> (artifact id: '8b6dbab8677cd2c4765e1fa541693c50') in 0.034580 seconds
Number of updated asset objects reloaded before import = 0
Number of asset objects unloaded after import = 9
========================================================================
Received Import Request.
  Time since last request: 0.291341 seconds.
  path: Assets/kenney_coaster-kit/Models/FBX format/coaster-steel-straight-skew-right-side.fbx
  artifactKey: Guid(4983eadbea09fcc4bbd78957a7de5c45) Importer(815301076,1909f56bfc062723c751e8b465ee728b)
Start importing Assets/kenney_coaster-kit/Models/FBX format/coaster-steel-straight-skew-right-side.fbx using Guid(4983eadbea09fcc4bbd78957a7de5c45) Importer(815301076,1909f56bfc062723c751e8b465ee728b) [PhysX] Initialized MultithreadedTaskDispatcher with 12 workers.
[PhysX] Initialized MultithreadedTaskDispatcher with 12 workers.
[PhysX] Initialized MultithreadedTaskDispatcher with 12 workers.
[PhysX] Initialized MultithreadedTaskDispatcher with 12 workers.
 -> (artifact id: 'a9c2867d49120366ca7608760a84d570') in 0.029202 seconds
Number of updated asset objects reloaded before import = 0
Number of asset objects unloaded after import = 9
========================================================================
Received Import Request.
  Time since last request: 0.000058 seconds.
  path: Assets/kenney_coaster-kit/Models/FBX format/coaster-train-front.fbx
  artifactKey: Guid(9db614a6cb37430479004c911d46e5c0) Importer(815301076,1909f56bfc062723c751e8b465ee728b)
Start importing Assets/kenney_coaster-kit/Models/FBX format/coaster-train-front.fbx using Guid(9db614a6cb37430479004c911d46e5c0) Importer(815301076,1909f56bfc062723c751e8b465ee728b) [PhysX] Initialized MultithreadedTaskDispatcher with 12 workers.
[PhysX] Initialized MultithreadedTaskDispatcher with 12 workers.
[PhysX] Initialized MultithreadedTaskDispatcher with 12 workers.
[PhysX] Initialized MultithreadedTaskDispatcher with 12 workers.
 -> (artifact id: '3320609b98ec7dc2f1da03880449207c') in 0.029429 seconds
Number of updated asset objects reloaded before import = 0
Number of asset objects unloaded after import = 9
========================================================================
Received Import Request.
  Time since last request: 0.179595 seconds.
  path: Assets/kenney_coaster-kit/Models/FBX format/coaster-steel-straight-bump-up.fbx
  artifactKey: Guid(1069219999a3357409d5bc7ee9125d7b) Importer(815301076,1909f56bfc062723c751e8b465ee728b)
Start importing Assets/kenney_coaster-kit/Models/FBX format/coaster-steel-straight-bump-up.fbx using Guid(1069219999a3357409d5bc7ee9125d7b) Importer(815301076,1909f56bfc062723c751e8b465ee728b) [PhysX] Initialized MultithreadedTaskDispatcher with 12 workers.
[PhysX] Initialized MultithreadedTaskDispatcher with 12 workers.
[PhysX] Initialized MultithreadedTaskDispatcher with 12 workers.
[PhysX] Initialized MultithreadedTaskDispatcher with 12 workers.
 -> (artifact id: '47e2b3092c7c691ddb16c6fc8f781cad') in 0.027007 seconds
Number of updated asset objects reloaded before import = 0
Number of asset objects unloaded after import = 9
========================================================================
Received Import Request.
  Time since last request: 0.000050 seconds.
  path: Assets/kenney_coaster-kit/Models/FBX format/coaster-steel-straight-hill-complete.fbx
  artifactKey: Guid(0900d1561fd327a4e8595821686cf39f) Importer(815301076,1909f56bfc062723c751e8b465ee728b)
Start importing Assets/kenney_coaster-kit/Models/FBX format/coaster-steel-straight-hill-complete.fbx using Guid(0900d1561fd327a4e8595821686cf39f) Importer(815301076,1909f56bfc062723c751e8b465ee728b) [PhysX] Initialized MultithreadedTaskDispatcher with 12 workers.
[PhysX] Initialized MultithreadedTaskDispatcher with 12 workers.
[PhysX] Initialized MultithreadedTaskDispatcher with 12 workers.
[PhysX] Initialized MultithreadedTaskDispatcher with 12 workers.
 -> (artifact id: '5a4bbc632cc65a1f49a60955dab82ea3') in 0.029165 seconds
Number of updated asset objects reloaded before import = 0
Number of asset objects unloaded after import = 9
========================================================================
Received Import Request.
  Time since last request: 0.046928 seconds.
  path: Assets/kenney_coaster-kit/Models/FBX format/coaster-steel-corner-small-ramp.fbx
  artifactKey: Guid(8ce2a88127c63be49a39aba0540471bb) Importer(815301076,1909f56bfc062723c751e8b465ee728b)
Start importing Assets/kenney_coaster-kit/Models/FBX format/coaster-steel-corner-small-ramp.fbx using Guid(8ce2a88127c63be49a39aba0540471bb) Importer(815301076,1909f56bfc062723c751e8b465ee728b) [PhysX] Initialized MultithreadedTaskDispatcher with 12 workers.
[PhysX] Initialized MultithreadedTaskDispatcher with 12 workers.
[PhysX] Initialized MultithreadedTaskDispatcher with 12 workers.
[PhysX] Initialized MultithreadedTaskDispatcher with 12 workers.
 -> (artifact id: '0dfbfdd78a08649acad40e1bbd24530d') in 0.024429 seconds
Number of updated asset objects reloaded before import = 0
Number of asset objects unloaded after import = 9
========================================================================
Received Import Request.
  Time since last request: 0.000037 seconds.
  path: Assets/kenney_coaster-kit/Models/FBX format/coaster-steel-straight.fbx
  artifactKey: Guid(03d941b11563b354cb1d33c7db2157fe) Importer(815301076,1909f56bfc062723c751e8b465ee728b)
Start importing Assets/kenney_coaster-kit/Models/FBX format/coaster-steel-straight.fbx using Guid(03d941b11563b354cb1d33c7db2157fe) Importer(815301076,1909f56bfc062723c751e8b465ee728b) [PhysX] Initialized MultithreadedTaskDispatcher with 12 workers.
[PhysX] Initialized MultithreadedTaskDispatcher with 12 workers.
[PhysX] Initialized MultithreadedTaskDispatcher with 12 workers.
[PhysX] Initialized MultithreadedTaskDispatcher with 12 workers.
 -> (artifact id: '7a8fe50678db8380f238a90557c435c1') in 0.036543 seconds
Number of updated asset objects reloaded before import = 0
Number of asset objects unloaded after import = 9
========================================================================
Received Import Request.
  Time since last request: 0.379694 seconds.
  path: Assets/kenney_coaster-kit/Models/FBX format/coaster-mouse-straight-skew-right.fbx
  artifactKey: Guid(bceb3c1c531fad74aa9ba2169437d5d3) Importer(815301076,1909f56bfc062723c751e8b465ee728b)
Start importing Assets/kenney_coaster-kit/Models/FBX format/coaster-mouse-straight-skew-right.fbx using Guid(bceb3c1c531fad74aa9ba2169437d5d3) Importer(815301076,1909f56bfc062723c751e8b465ee728b) [PhysX] Initialized MultithreadedTaskDispatcher with 12 workers.
[PhysX] Initialized MultithreadedTaskDispatcher with 12 workers.
[PhysX] Initialized MultithreadedTaskDispatcher with 12 workers.
[PhysX] Initialized MultithreadedTaskDispatcher with 12 workers.
 -> (artifact id: '1a6d16ebba3beba4c63a3ffeb6ce9b58') in 0.024620 seconds
Number of updated asset objects reloaded before import = 0
Number of asset objects unloaded after import = 9
========================================================================
Received Import Request.
  Time since last request: 0.000041 seconds.
  path: Assets/kenney_coaster-kit/Models/FBX format/coaster-steel-cap-front.fbx
  artifactKey: Guid(62d7f3c2ff510e8448efc1178d316b08) Importer(815301076,1909f56bfc062723c751e8b465ee728b)
Start importing Assets/kenney_coaster-kit/Models/FBX format/coaster-steel-cap-front.fbx using Guid(62d7f3c2ff510e8448efc1178d316b08) Importer(815301076,1909f56bfc062723c751e8b465ee728b) [PhysX] Initialized MultithreadedTaskDispatcher with 12 workers.
[PhysX] Initialized MultithreadedTaskDispatcher with 12 workers.
[PhysX] Initialized MultithreadedTaskDispatcher with 12 workers.
[PhysX] Initialized MultithreadedTaskDispatcher with 12 workers.
 -> (artifact id: '26ab1fac8a53e2fe3eec6680b5030e85') in 0.031308 seconds
Number of updated asset objects reloaded before import = 0
Number of asset objects unloaded after import = 9
========================================================================
Received Import Request.
  Time since last request: 0.199398 seconds.
  path: Assets/kenney_coaster-kit/Models/FBX format/coaster-mouse-straight-bump-down.fbx
  artifactKey: Guid(ec319dbc62cbfe34692944238224bd90) Importer(815301076,1909f56bfc062723c751e8b465ee728b)
Start importing Assets/kenney_coaster-kit/Models/FBX format/coaster-mouse-straight-bump-down.fbx using Guid(ec319dbc62cbfe34692944238224bd90) Importer(815301076,1909f56bfc062723c751e8b465ee728b) [PhysX] Initialized MultithreadedTaskDispatcher with 12 workers.
[PhysX] Initialized MultithreadedTaskDispatcher with 12 workers.
[PhysX] Initialized MultithreadedTaskDispatcher with 12 workers.
[PhysX] Initialized MultithreadedTaskDispatcher with 12 workers.
 -> (artifact id: '5813eeb13639fd9ca2c92a4f378f1fa2') in 0.026681 seconds
Number of updated asset objects reloaded before import = 0
Number of asset objects unloaded after import = 9
========================================================================
Received Import Request.
  Time since last request: 0.000035 seconds.
  path: Assets/kenney_coaster-kit/Models/FBX format/coaster-mouse-straight-hill-complete-half.fbx
  artifactKey: Guid(075904a8094d7be43b86a8a6ea17e4ba) Importer(815301076,1909f56bfc062723c751e8b465ee728b)
Start importing Assets/kenney_coaster-kit/Models/FBX format/coaster-mouse-straight-hill-complete-half.fbx using Guid(075904a8094d7be43b86a8a6ea17e4ba) Importer(815301076,1909f56bfc062723c751e8b465ee728b) [PhysX] Initialized MultithreadedTaskDispatcher with 12 workers.
[PhysX] Initialized MultithreadedTaskDispatcher with 12 workers.
[PhysX] Initialized MultithreadedTaskDispatcher with 12 workers.
[PhysX] Initialized MultithreadedTaskDispatcher with 12 workers.
 -> (artifact id: 'bd45a7c717d6d0c7f220e4e3e1003464') in 0.028615 seconds
Number of updated asset objects reloaded before import = 0
Number of asset objects unloaded after import = 9
========================================================================
Received Import Request.
  Time since last request: 0.036484 seconds.
  path: Assets/kenney_coaster-kit/Models/FBX format/coaster-mouse-corner-small.fbx
  artifactKey: Guid(8f296853135b8414faf057d693d899c8) Importer(815301076,1909f56bfc062723c751e8b465ee728b)
Start importing Assets/kenney_coaster-kit/Models/FBX format/coaster-mouse-corner-small.fbx using Guid(8f296853135b8414faf057d693d899c8) Importer(815301076,1909f56bfc062723c751e8b465ee728b) [PhysX] Initialized MultithreadedTaskDispatcher with 12 workers.
[PhysX] Initialized MultithreadedTaskDispatcher with 12 workers.
[PhysX] Initialized MultithreadedTaskDispatcher with 12 workers.
[PhysX] Initialized MultithreadedTaskDispatcher with 12 workers.
 -> (artifact id: 'af3f2f972d616636c78450167f79b619') in 0.028774 seconds
Number of updated asset objects reloaded before import = 0
Number of asset objects unloaded after import = 9
========================================================================
Received Import Request.
  Time since last request: 0.000032 seconds.
  path: Assets/kenney_coaster-kit/Models/FBX format/coaster-mouse-segment.fbx
  artifactKey: Guid(6e268a4478b88864fabb13e62501d0e7) Importer(815301076,1909f56bfc062723c751e8b465ee728b)
Start importing Assets/kenney_coaster-kit/Models/FBX format/coaster-mouse-segment.fbx using Guid(6e268a4478b88864fabb13e62501d0e7) Importer(815301076,1909f56bfc062723c751e8b465ee728b) [PhysX] Initialized MultithreadedTaskDispatcher with 12 workers.
[PhysX] Initialized MultithreadedTaskDispatcher with 12 workers.
[PhysX] Initialized MultithreadedTaskDispatcher with 12 workers.
[PhysX] Initialized MultithreadedTaskDispatcher with 12 workers.
 -> (artifact id: 'bb3edd6c6157a6d230879780b33ccd60') in 0.026263 seconds
Number of updated asset objects reloaded before import = 0
Number of asset objects unloaded after import = 9
========================================================================
Received Import Request.
  Time since last request: 0.296774 seconds.
  path: Assets/kenney_coaster-kit/Models/FBX format/coaster-monorail-straight-skew-left-side.fbx
  artifactKey: Guid(4e38b52504b757e4dbfb359f4355a526) Importer(815301076,1909f56bfc062723c751e8b465ee728b)
Start importing Assets/kenney_coaster-kit/Models/FBX format/coaster-monorail-straight-skew-left-side.fbx using Guid(4e38b52504b757e4dbfb359f4355a526) Importer(815301076,1909f56bfc062723c751e8b465ee728b) [PhysX] Initialized MultithreadedTaskDispatcher with 12 workers.
[PhysX] Initialized MultithreadedTaskDispatcher with 12 workers.
[PhysX] Initialized MultithreadedTaskDispatcher with 12 workers.
[PhysX] Initialized MultithreadedTaskDispatcher with 12 workers.
 -> (artifact id: '13e188acaf6232ccd02d17f4119a0044') in 0.037044 seconds
Number of updated asset objects reloaded before import = 0
Number of asset objects unloaded after import = 9
========================================================================
Received Import Request.
  Time since last request: 0.000038 seconds.
  path: Assets/kenney_coaster-kit/Models/FBX format/coaster-monorail-straight-skew-right.fbx
  artifactKey: Guid(f242d3a2e1bb0f64a8f7955a30628f41) Importer(815301076,1909f56bfc062723c751e8b465ee728b)
Start importing Assets/kenney_coaster-kit/Models/FBX format/coaster-monorail-straight-skew-right.fbx using Guid(f242d3a2e1bb0f64a8f7955a30628f41) Importer(815301076,1909f56bfc062723c751e8b465ee728b) [PhysX] Initialized MultithreadedTaskDispatcher with 12 workers.
[PhysX] Initialized MultithreadedTaskDispatcher with 12 workers.
[PhysX] Initialized MultithreadedTaskDispatcher with 12 workers.
[PhysX] Initialized MultithreadedTaskDispatcher with 12 workers.
 -> (artifact id: '1e49fb42dcc38e2266d01a5a4af46b44') in 0.033150 seconds
Number of updated asset objects reloaded before import = 0
Number of asset objects unloaded after import = 9
========================================================================
Received Import Request.
  Time since last request: 0.002196 seconds.
  path: Assets/kenney_coaster-kit/Models/FBX format/coaster-monorail-straight-bend-large.fbx
  artifactKey: Guid(6e423f199a7cd8e478142ef7e56e2256) Importer(815301076,1909f56bfc062723c751e8b465ee728b)
Start importing Assets/kenney_coaster-kit/Models/FBX format/coaster-monorail-straight-bend-large.fbx using Guid(6e423f199a7cd8e478142ef7e56e2256) Importer(815301076,1909f56bfc062723c751e8b465ee728b) [PhysX] Initialized MultithreadedTaskDispatcher with 12 workers.
[PhysX] Initialized MultithreadedTaskDispatcher with 12 workers.
[PhysX] Initialized MultithreadedTaskDispatcher with 12 workers.
[PhysX] Initialized MultithreadedTaskDispatcher with 12 workers.
 -> (artifact id: 'e91ec06f1f984ceaad01dd060d098444') in 0.029271 seconds
Number of updated asset objects reloaded before import = 0
Number of asset objects unloaded after import = 9
========================================================================
Received Import Request.
  Time since last request: 0.000090 seconds.
  path: Assets/kenney_coaster-kit/Models/FBX format/coaster-monorail-straight-bump-up.fbx
  artifactKey: Guid(d767fd21312c04f4f94ef18780889363) Importer(815301076,1909f56bfc062723c751e8b465ee728b)
Start importing Assets/kenney_coaster-kit/Models/FBX format/coaster-monorail-straight-bump-up.fbx using Guid(d767fd21312c04f4f94ef18780889363) Importer(815301076,1909f56bfc062723c751e8b465ee728b) [PhysX] Initialized MultithreadedTaskDispatcher with 12 workers.
[PhysX] Initialized MultithreadedTaskDispatcher with 12 workers.
[PhysX] Initialized MultithreadedTaskDispatcher with 12 workers.
[PhysX] Initialized MultithreadedTaskDispatcher with 12 workers.
 -> (artifact id: '3ebc5d0c60f67f7e857076db918c532f') in 0.029971 seconds
Number of updated asset objects reloaded before import = 0
Number of asset objects unloaded after import = 9
========================================================================
Received Import Request.
  Time since last request: 0.344658 seconds.
  path: Assets/kenney_coaster-kit/Models/FBX format/coaster-monorail-corner-large-ramp.fbx
  artifactKey: Guid(ee0e6a37fda94d04593ba5ba95e88872) Importer(815301076,1909f56bfc062723c751e8b465ee728b)
Start importing Assets/kenney_coaster-kit/Models/FBX format/coaster-monorail-corner-large-ramp.fbx using Guid(ee0e6a37fda94d04593ba5ba95e88872) Importer(815301076,1909f56bfc062723c751e8b465ee728b) [PhysX] Initialized MultithreadedTaskDispatcher with 12 workers.
[PhysX] Initialized MultithreadedTaskDispatcher with 12 workers.
[PhysX] Initialized MultithreadedTaskDispatcher with 12 workers.
[PhysX] Initialized MultithreadedTaskDispatcher with 12 workers.
 -> (artifact id: 'b47890946d5cea677f4cd652ca5f81d5') in 0.024905 seconds
Number of updated asset objects reloaded before import = 0
Number of asset objects unloaded after import = 9
========================================================================
Received Import Request.
  Time since last request: 0.000034 seconds.
  path: Assets/kenney_coaster-kit/Models/FBX format/coaster-monorail-corner-small-ramp.fbx
  artifactKey: Guid(20bcd9984d591af4b941314d9be0e8ec) Importer(815301076,1909f56bfc062723c751e8b465ee728b)
Start importing Assets/kenney_coaster-kit/Models/FBX format/coaster-monorail-corner-small-ramp.fbx using Guid(20bcd9984d591af4b941314d9be0e8ec) Importer(815301076,1909f56bfc062723c751e8b465ee728b) [PhysX] Initialized MultithreadedTaskDispatcher with 12 workers.
[PhysX] Initialized MultithreadedTaskDispatcher with 12 workers.
[PhysX] Initialized MultithreadedTaskDispatcher with 12 workers.
[PhysX] Initialized MultithreadedTaskDispatcher with 12 workers.
 -> (artifact id: '75c117214a4159826a9eb4c8d5db0876') in 0.034467 seconds
Number of updated asset objects reloaded before import = 0
Number of asset objects unloaded after import = 9
========================================================================
Received Import Request.
  Time since last request: 0.059387 seconds.
  path: Assets/kenney_coaster-kit/Models/FBX format/coaster-hanging-straight-skew-left.fbx
  artifactKey: Guid(0bcca8a7935eb4d4d875fad20fa6cf9e) Importer(815301076,1909f56bfc062723c751e8b465ee728b)
Start importing Assets/kenney_coaster-kit/Models/FBX format/coaster-hanging-straight-skew-left.fbx using Guid(0bcca8a7935eb4d4d875fad20fa6cf9e) Importer(815301076,1909f56bfc062723c751e8b465ee728b) [PhysX] Initialized MultithreadedTaskDispatcher with 12 workers.
[PhysX] Initialized MultithreadedTaskDispatcher with 12 workers.
[PhysX] Initialized MultithreadedTaskDispatcher with 12 workers.
[PhysX] Initialized MultithreadedTaskDispatcher with 12 workers.
 -> (artifact id: 'fb1eb1ac2a2fcf3cc0ff42d40f9a1a0c') in 0.025429 seconds
Number of updated asset objects reloaded before import = 0
Number of asset objects unloaded after import = 9
========================================================================
Received Import Request.
  Time since last request: 0.000041 seconds.
  path: Assets/kenney_coaster-kit/Models/FBX format/coaster-hanging-track.fbx
  artifactKey: Guid(fcf93f2b9bf69f543bbd1216da929c0b) Importer(815301076,1909f56bfc062723c751e8b465ee728b)
Start importing Assets/kenney_coaster-kit/Models/FBX format/coaster-hanging-track.fbx using Guid(fcf93f2b9bf69f543bbd1216da929c0b) Importer(815301076,1909f56bfc062723c751e8b465ee728b) [PhysX] Initialized MultithreadedTaskDispatcher with 12 workers.
[PhysX] Initialized MultithreadedTaskDispatcher with 12 workers.
[PhysX] Initialized MultithreadedTaskDispatcher with 12 workers.
[PhysX] Initialized MultithreadedTaskDispatcher with 12 workers.
 -> (artifact id: 'e23e202b3b67b15e77a38320a1377a07') in 0.032637 seconds
Number of updated asset objects reloaded before import = 0
Number of asset objects unloaded after import = 9
========================================================================
Received Import Request.
  Time since last request: 0.257772 seconds.
  path: Assets/kenney_coaster-kit/Models/FBX format/coaster-hanging-straight-bend.fbx
  artifactKey: Guid(cce45cbcc6a92a84b9dffa0888e2cc4c) Importer(815301076,1909f56bfc062723c751e8b465ee728b)
Start importing Assets/kenney_coaster-kit/Models/FBX format/coaster-hanging-straight-bend.fbx using Guid(cce45cbcc6a92a84b9dffa0888e2cc4c) Importer(815301076,1909f56bfc062723c751e8b465ee728b) [PhysX] Initialized MultithreadedTaskDispatcher with 12 workers.
[PhysX] Initialized MultithreadedTaskDispatcher with 12 workers.
[PhysX] Initialized MultithreadedTaskDispatcher with 12 workers.
[PhysX] Initialized MultithreadedTaskDispatcher with 12 workers.
 -> (artifact id: '71e480800aeeacab897c74d22d95228e') in 0.027310 seconds
Number of updated asset objects reloaded before import = 0
Number of asset objects unloaded after import = 9
========================================================================
Received Import Request.
  Time since last request: 0.000041 seconds.
  path: Assets/kenney_coaster-kit/Models/FBX format/coaster-hanging-straight-hill-beginning.fbx
  artifactKey: Guid(1b963f17fac7c9c4a94f6ab13b56df87) Importer(815301076,1909f56bfc062723c751e8b465ee728b)
Start importing Assets/kenney_coaster-kit/Models/FBX format/coaster-hanging-straight-hill-beginning.fbx using Guid(1b963f17fac7c9c4a94f6ab13b56df87) Importer(815301076,1909f56bfc062723c751e8b465ee728b) [PhysX] Initialized MultithreadedTaskDispatcher with 12 workers.
[PhysX] Initialized MultithreadedTaskDispatcher with 12 workers.
[PhysX] Initialized MultithreadedTaskDispatcher with 12 workers.
[PhysX] Initialized MultithreadedTaskDispatcher with 12 workers.
 -> (artifact id: 'd9adbc5414dd45025419584131add261') in 0.034207 seconds
Number of updated asset objects reloaded before import = 0
Number of asset objects unloaded after import = 9
========================================================================
Received Import Request.
  Time since last request: 0.222131 seconds.
  path: Assets/kenney_coaster-kit/Models/FBX format/coaster-hanging-corner-large.fbx
  artifactKey: Guid(ee98b19523ee444479bd4c19c7c32fa3) Importer(815301076,1909f56bfc062723c751e8b465ee728b)
Start importing Assets/kenney_coaster-kit/Models/FBX format/coaster-hanging-corner-large.fbx using Guid(ee98b19523ee444479bd4c19c7c32fa3) Importer(815301076,1909f56bfc062723c751e8b465ee728b) [PhysX] Initialized MultithreadedTaskDispatcher with 12 workers.
[PhysX] Initialized MultithreadedTaskDispatcher with 12 workers.
[PhysX] Initialized MultithreadedTaskDispatcher with 12 workers.
[PhysX] Initialized MultithreadedTaskDispatcher with 12 workers.
 -> (artifact id: 'db6dc7f6217e6bc8c590545a1e0c1221') in 0.024297 seconds
Number of updated asset objects reloaded before import = 0
Number of asset objects unloaded after import = 9
========================================================================
Received Import Request.
  Time since last request: 0.000030 seconds.
  path: Assets/kenney_coaster-kit/Models/FBX format/coaster-hanging-curve.fbx
  artifactKey: Guid(1d9350f80cd729f48a9ffa65fb54e8ed) Importer(815301076,1909f56bfc062723c751e8b465ee728b)
Start importing Assets/kenney_coaster-kit/Models/FBX format/coaster-hanging-curve.fbx using Guid(1d9350f80cd729f48a9ffa65fb54e8ed) Importer(815301076,1909f56bfc062723c751e8b465ee728b) [PhysX] Initialized MultithreadedTaskDispatcher with 12 workers.
[PhysX] Initialized MultithreadedTaskDispatcher with 12 workers.
[PhysX] Initialized MultithreadedTaskDispatcher with 12 workers.
[PhysX] Initialized MultithreadedTaskDispatcher with 12 workers.
 -> (artifact id: 'f0cd9683f3bb72c63c00547ee12ceb6b') in 0.031403 seconds
Number of updated asset objects reloaded before import = 0
Number of asset objects unloaded after import = 9
========================================================================
Received Import Request.
  Time since last request: 0.071977 seconds.
  path: Assets/kenney_coaster-kit/Models/FBX format/coaster-flume-straight-hill-end.fbx
  artifactKey: Guid(c6ed6a0f4e62d164284e23adf3d2d934) Importer(815301076,1909f56bfc062723c751e8b465ee728b)
Start importing Assets/kenney_coaster-kit/Models/FBX format/coaster-flume-straight-hill-end.fbx using Guid(c6ed6a0f4e62d164284e23adf3d2d934) Importer(815301076,1909f56bfc062723c751e8b465ee728b) [PhysX] Initialized MultithreadedTaskDispatcher with 12 workers.
[PhysX] Initialized MultithreadedTaskDispatcher with 12 workers.
[PhysX] Initialized MultithreadedTaskDispatcher with 12 workers.
[PhysX] Initialized MultithreadedTaskDispatcher with 12 workers.
 -> (artifact id: 'de81d445bec9028219577c32a834ba6d') in 0.026054 seconds
Number of updated asset objects reloaded before import = 0
Number of asset objects unloaded after import = 9
========================================================================
Received Import Request.
  Time since last request: 0.000069 seconds.
  path: Assets/kenney_coaster-kit/Models/FBX format/coaster-flume-straight-skew-left.fbx
  artifactKey: Guid(f6be67b5b4804a84b862a30a0575f832) Importer(815301076,1909f56bfc062723c751e8b465ee728b)
Start importing Assets/kenney_coaster-kit/Models/FBX format/coaster-flume-straight-skew-left.fbx using Guid(f6be67b5b4804a84b862a30a0575f832) Importer(815301076,1909f56bfc062723c751e8b465ee728b) [PhysX] Initialized MultithreadedTaskDispatcher with 12 workers.
[PhysX] Initialized MultithreadedTaskDispatcher with 12 workers.
[PhysX] Initialized MultithreadedTaskDispatcher with 12 workers.
[PhysX] Initialized MultithreadedTaskDispatcher with 12 workers.
 -> (artifact id: '98ba4dcf67a52e286a47f2d85fa95b24') in 0.029533 seconds
Number of updated asset objects reloaded before import = 0
Number of asset objects unloaded after import = 9
========================================================================
Received Import Request.
  Time since last request: 0.097936 seconds.
  path: Assets/kenney_coaster-kit/Models/FBX format/coaster-flume-straight.fbx
  artifactKey: Guid(10e0d171bed8de347bec1a3047741e9c) Importer(815301076,1909f56bfc062723c751e8b465ee728b)
Start importing Assets/kenney_coaster-kit/Models/FBX format/coaster-flume-straight.fbx using Guid(10e0d171bed8de347bec1a3047741e9c) Importer(815301076,1909f56bfc062723c751e8b465ee728b) [PhysX] Initialized MultithreadedTaskDispatcher with 12 workers.
[PhysX] Initialized MultithreadedTaskDispatcher with 12 workers.
[PhysX] Initialized MultithreadedTaskDispatcher with 12 workers.
[PhysX] Initialized MultithreadedTaskDispatcher with 12 workers.
 -> (artifact id: 'cba24eff5be8a227f03d157d7af79802') in 0.024937 seconds
Number of updated asset objects reloaded before import = 0
Number of asset objects unloaded after import = 9
========================================================================
Received Import Request.
  Time since last request: 0.000037 seconds.
  path: Assets/kenney_coaster-kit/Models/FBX format/coaster-flume-straight-bump-up.fbx
  artifactKey: Guid(9462230cc024a144da980a82093fedfb) Importer(815301076,1909f56bfc062723c751e8b465ee728b)
Start importing Assets/kenney_coaster-kit/Models/FBX format/coaster-flume-straight-bump-up.fbx using Guid(9462230cc024a144da980a82093fedfb) Importer(815301076,1909f56bfc062723c751e8b465ee728b) [PhysX] Initialized MultithreadedTaskDispatcher with 12 workers.
[PhysX] Initialized MultithreadedTaskDispatcher with 12 workers.
[PhysX] Initialized MultithreadedTaskDispatcher with 12 workers.
[PhysX] Initialized MultithreadedTaskDispatcher with 12 workers.
 -> (artifact id: '5977c418103ac2fdf70f9459bca95e2d') in 0.032209 seconds
Number of updated asset objects reloaded before import = 0
Number of asset objects unloaded after import = 9
========================================================================
Received Import Request.
  Time since last request: 0.281739 seconds.
  path: Assets/kenney_coaster-kit/Models/FBX format/coaster-flume-corner-large.fbx
  artifactKey: Guid(946140e33e948114f982225bf24a6870) Importer(815301076,1909f56bfc062723c751e8b465ee728b)
Start importing Assets/kenney_coaster-kit/Models/FBX format/coaster-flume-corner-large.fbx using Guid(946140e33e948114f982225bf24a6870) Importer(815301076,1909f56bfc062723c751e8b465ee728b) [PhysX] Initialized MultithreadedTaskDispatcher with 12 workers.
[PhysX] Initialized MultithreadedTaskDispatcher with 12 workers.
[PhysX] Initialized MultithreadedTaskDispatcher with 12 workers.
[PhysX] Initialized MultithreadedTaskDispatcher with 12 workers.
 -> (artifact id: '23f8daf1dfb8f3eed0f04003bcd67d39') in 0.033458 seconds
Number of updated asset objects reloaded before import = 0
Number of asset objects unloaded after import = 9
========================================================================
Received Import Request.
  Time since last request: 0.000053 seconds.
  path: Assets/kenney_coaster-kit/Models/FBX format/coaster-flume-corner-small.fbx
  artifactKey: Guid(2287712e8e0b9f7489c45f23b243f4bf) Importer(815301076,1909f56bfc062723c751e8b465ee728b)
Start importing Assets/kenney_coaster-kit/Models/FBX format/coaster-flume-corner-small.fbx using Guid(2287712e8e0b9f7489c45f23b243f4bf) Importer(815301076,1909f56bfc062723c751e8b465ee728b) [PhysX] Initialized MultithreadedTaskDispatcher with 12 workers.
[PhysX] Initialized MultithreadedTaskDispatcher with 12 workers.
[PhysX] Initialized MultithreadedTaskDispatcher with 12 workers.
[PhysX] Initialized MultithreadedTaskDispatcher with 12 workers.
 -> (artifact id: 'dde4af2b2ba2db2aaa46ba8aeafea41c') in 0.033414 seconds
Number of updated asset objects reloaded before import = 0
Number of asset objects unloaded after import = 9
Editor requested this worker to shutdown with reason: Scaling down because of idle timeout
TcpMessagingSession - receive error: operation aborted. errorcode: 995, details: Vstupnì-výstupní operace byla pøerušena buï z dùvodu ukonèení vlákna, nebo na žádost aplikace.
AssetImportWorker is now disconnected from the server
Process exiting
Exiting without the bug reporter. Application will terminate with return code 0